{"D:\\estadao-tech-challenge\\frontend\\src\\App.tsx": {"path":"D:\\estadao-tech-challenge\\frontend\\src\\App.tsx","statementMap":{"0":{"start":{"line":7,"column":12},"end":{"line":24,"column":1}},"1":{"start":{"line":8,"column":2},"end":{"line":23,"column":4}}},"fnMap":{"0":{"name":"(anonymous_0)","decl":{"start":{"line":7,"column":12},"end":{"line":7,"column":13}},"loc":{"start":{"line":7,"column":18},"end":{"line":24,"column":1}},"line":7}},"branchMap":{},"s":{"0":0,"1":0},"f":{"0":0},"b":{}}
,"D:\\estadao-tech-challenge\\frontend\\src\\GlobalStyle.tsx": {"path":"D:\\estadao-tech-challenge\\frontend\\src\\GlobalStyle.tsx","statementMap":{"0":{"start":{"line":3,"column":27},"end":{"line":87,"column":1}}},"fnMap":{},"branchMap":{},"s":{"0":0},"f":{},"b":{}}
,"D:\\estadao-tech-challenge\\frontend\\src\\index.tsx": {"path":"D:\\estadao-tech-challenge\\frontend\\src\\index.tsx","statementMap":{"0":{"start":{"line":10,"column":13},"end":{"line":12,"column":1}},"1":{"start":{"line":14,"column":0},"end":{"line":20,"column":2}},"2":{"start":{"line":25,"column":0},"end":{"line":25,"column":18}}},"fnMap":{},"branchMap":{},"s":{"0":0,"1":0,"2":0},"f":{},"b":{}}
,"D:\\estadao-tech-challenge\\frontend\\src\\reportWebVitals.ts": {"path":"D:\\estadao-tech-challenge\\frontend\\src\\reportWebVitals.ts","statementMap":{"0":{"start":{"line":3,"column":24},"end":{"line":13,"column":1}},"1":{"start":{"line":4,"column":2},"end":{"line":12,"column":3}},"2":{"start":{"line":5,"column":4},"end":{"line":11,"column":7}},"3":{"start":{"line":6,"column":6},"end":{"line":6,"column":26}},"4":{"start":{"line":7,"column":6},"end":{"line":7,"column":26}},"5":{"start":{"line":8,"column":6},"end":{"line":8,"column":26}},"6":{"start":{"line":9,"column":6},"end":{"line":9,"column":26}},"7":{"start":{"line":10,"column":6},"end":{"line":10,"column":27}}},"fnMap":{"0":{"name":"(anonymous_0)","decl":{"start":{"line":3,"column":24},"end":{"line":3,"column":25}},"loc":{"start":{"line":3,"column":57},"end":{"line":13,"column":1}},"line":3},"1":{"name":"(anonymous_1)","decl":{"start":{"line":5,"column":30},"end":{"line":5,"column":31}},"loc":{"start":{"line":5,"column":79},"end":{"line":11,"column":5}},"line":5}},"branchMap":{"0":{"loc":{"start":{"line":4,"column":2},"end":{"line":12,"column":3}},"type":"if","locations":[{"start":{"line":4,"column":2},"end":{"line":12,"column":3}},{"start":{},"end":{}}],"line":4},"1":{"loc":{"start":{"line":4,"column":6},"end":{"line":4,"column":52}},"type":"binary-expr","locations":[{"start":{"line":4,"column":6},"end":{"line":4,"column":17}},{"start":{"line":4,"column":21},"end":{"line":4,"column":52}}],"line":4}},"s":{"0":0,"1":0,"2":0,"3":0,"4":0,"5":0,"6":0,"7":0},"f":{"0":0,"1":0},"b":{"0":[0,0],"1":[0,0]}}
,"D:\\estadao-tech-challenge\\frontend\\src\\components\\index.tsx": {"path":"D:\\estadao-tech-challenge\\frontend\\src\\components\\index.tsx","statementMap":{},"fnMap":{},"branchMap":{},"s":{},"f":{},"b":{},"_coverageSchema":"1a1c01bbd47fc00a2c39e90264f33305004495a9","hash":"b8faa76180614c816644d6c2a6cec4003aabfb58"}
,"D:\\estadao-tech-challenge\\frontend\\src\\components\\Column\\index.tsx": {"path":"D:\\estadao-tech-challenge\\frontend\\src\\components\\Column\\index.tsx","statementMap":{"0":{"start":{"line":6,"column":39},"end":{"line":10,"column":1}},"1":{"start":{"line":7,"column":2},"end":{"line":9,"column":4}}},"fnMap":{"0":{"name":"(anonymous_0)","decl":{"start":{"line":6,"column":39},"end":{"line":6,"column":40}},"loc":{"start":{"line":6,"column":57},"end":{"line":10,"column":1}},"line":6}},"branchMap":{},"s":{"0":5,"1":11},"f":{"0":11},"b":{},"_coverageSchema":"1a1c01bbd47fc00a2c39e90264f33305004495a9","hash":"bc5d200de79bb120dc1bfb627347308c4e3d4ffd"}
,"D:\\estadao-tech-challenge\\frontend\\src\\components\\Column\\interface.tsx": {"path":"D:\\estadao-tech-challenge\\frontend\\src\\components\\Column\\interface.tsx","statementMap":{},"fnMap":{},"branchMap":{},"s":{},"f":{},"b":{}}
,"D:\\estadao-tech-challenge\\frontend\\src\\components\\Column\\styled.tsx": {"path":"D:\\estadao-tech-challenge\\frontend\\src\\components\\Column\\styled.tsx","statementMap":{"0":{"start":{"line":4,"column":14},"end":{"line":4,"column":28}},"1":{"start":{"line":6,"column":31},"end":{"line":17,"column":1}}},"fnMap":{},"branchMap":{},"s":{"0":5,"1":5},"f":{},"b":{},"_coverageSchema":"1a1c01bbd47fc00a2c39e90264f33305004495a9","hash":"d2174726f1e210fab067f57ae67ac02b6cf0b67b"}
,"D:\\estadao-tech-challenge\\frontend\\src\\components\\Header\\index.tsx": {"path":"D:\\estadao-tech-challenge\\frontend\\src\\components\\Header\\index.tsx","statementMap":{"0":{"start":{"line":22,"column":26},"end":{"line":70,"column":1}},"1":{"start":{"line":23,"column":36},"end":{"line":23,"column":60}},"2":{"start":{"line":24,"column":50},"end":{"line":24,"column":71}},"3":{"start":{"line":25,"column":52},"end":{"line":25,"column":80}},"4":{"start":{"line":27,"column":28},"end":{"line":30,"column":3}},"5":{"start":{"line":28,"column":17},"end":{"line":28,"column":55}},"6":{"start":{"line":29,"column":4},"end":{"line":29,"column":30}},"7":{"start":{"line":32,"column":28},"end":{"line":35,"column":3}},"8":{"start":{"line":33,"column":17},"end":{"line":33,"column":56}},"9":{"start":{"line":34,"column":4},"end":{"line":34,"column":31}},"10":{"start":{"line":37,"column":20},"end":{"line":40,"column":3}},"11":{"start":{"line":38,"column":17},"end":{"line":38,"column":48}},"12":{"start":{"line":39,"column":4},"end":{"line":39,"column":23}},"13":{"start":{"line":42,"column":2},"end":{"line":46,"column":9}},"14":{"start":{"line":43,"column":4},"end":{"line":43,"column":16}},"15":{"start":{"line":44,"column":4},"end":{"line":44,"column":24}},"16":{"start":{"line":45,"column":4},"end":{"line":45,"column":24}},"17":{"start":{"line":48,"column":2},"end":{"line":69,"column":4}}},"fnMap":{"0":{"name":"(anonymous_0)","decl":{"start":{"line":22,"column":26},"end":{"line":22,"column":27}},"loc":{"start":{"line":22,"column":32},"end":{"line":70,"column":1}},"line":22},"1":{"name":"(anonymous_1)","decl":{"start":{"line":27,"column":28},"end":{"line":27,"column":29}},"loc":{"start":{"line":27,"column":55},"end":{"line":30,"column":3}},"line":27},"2":{"name":"(anonymous_2)","decl":{"start":{"line":32,"column":28},"end":{"line":32,"column":29}},"loc":{"start":{"line":32,"column":55},"end":{"line":35,"column":3}},"line":32},"3":{"name":"(anonymous_3)","decl":{"start":{"line":37,"column":20},"end":{"line":37,"column":21}},"loc":{"start":{"line":37,"column":47},"end":{"line":40,"column":3}},"line":37},"4":{"name":"(anonymous_4)","decl":{"start":{"line":42,"column":12},"end":{"line":42,"column":13}},"loc":{"start":{"line":42,"column":18},"end":{"line":46,"column":3}},"line":42}},"branchMap":{},"s":{"0":4,"1":2,"2":2,"3":2,"4":2,"5":1,"6":1,"7":2,"8":1,"9":1,"10":2,"11":1,"12":1,"13":2,"14":1,"15":1,"16":1,"17":2},"f":{"0":2,"1":1,"2":1,"3":1,"4":1},"b":{},"_coverageSchema":"1a1c01bbd47fc00a2c39e90264f33305004495a9","hash":"d77cb283c1c24c95bbfbf90f0da77a06bbef6886"}
,"D:\\estadao-tech-challenge\\frontend\\src\\components\\Header\\styled.tsx": {"path":"D:\\estadao-tech-challenge\\frontend\\src\\components\\Header\\styled.tsx","statementMap":{"0":{"start":{"line":4,"column":14},"end":{"line":4,"column":28}},"1":{"start":{"line":6,"column":31},"end":{"line":9,"column":1}},"2":{"start":{"line":11,"column":34},"end":{"line":14,"column":1}},"3":{"start":{"line":16,"column":34},"end":{"line":25,"column":1}},"4":{"start":{"line":27,"column":33},"end":{"line":35,"column":1}},"5":{"start":{"line":37,"column":25},"end":{"line":46,"column":1}},"6":{"start":{"line":48,"column":25},"end":{"line":58,"column":1}}},"fnMap":{},"branchMap":{},"s":{"0":4,"1":4,"2":4,"3":4,"4":4,"5":4,"6":4},"f":{},"b":{},"_coverageSchema":"1a1c01bbd47fc00a2c39e90264f33305004495a9","hash":"e304445ca33e2b8e34ed1ccce7129ea2086b1fe9"}
,"D:\\estadao-tech-challenge\\frontend\\src\\components\\Header\\Brand\\index.tsx": {"path":"D:\\estadao-tech-challenge\\frontend\\src\\components\\Header\\Brand\\index.tsx","statementMap":{"0":{"start":{"line":7,"column":25},"end":{"line":15,"column":1}},"1":{"start":{"line":8,"column":2},"end":{"line":14,"column":4}}},"fnMap":{"0":{"name":"(anonymous_0)","decl":{"start":{"line":7,"column":25},"end":{"line":7,"column":26}},"loc":{"start":{"line":7,"column":31},"end":{"line":15,"column":1}},"line":7}},"branchMap":{},"s":{"0":5,"1":6},"f":{"0":6},"b":{},"_coverageSchema":"1a1c01bbd47fc00a2c39e90264f33305004495a9","hash":"d7059564b486294e80e51af8d66914f5117b0602"}
,"D:\\estadao-tech-challenge\\frontend\\src\\components\\Header\\Brand\\styled.tsx": {"path":"D:\\estadao-tech-challenge\\frontend\\src\\components\\Header\\Brand\\styled.tsx","statementMap":{"0":{"start":{"line":4,"column":14},"end":{"line":4,"column":28}},"1":{"start":{"line":6,"column":30},"end":{"line":14,"column":1}}},"fnMap":{},"branchMap":{},"s":{"0":5,"1":5},"f":{},"b":{},"_coverageSchema":"1a1c01bbd47fc00a2c39e90264f33305004495a9","hash":"a7afd145fb2191f52c6b5ce7165547c5974543db"}
,"D:\\estadao-tech-challenge\\frontend\\src\\components\\Header\\Menu\\index.tsx": {"path":"D:\\estadao-tech-challenge\\frontend\\src\\components\\Header\\Menu\\index.tsx","statementMap":{"0":{"start":{"line":10,"column":35},"end":{"line":26,"column":1}},"1":{"start":{"line":11,"column":2},"end":{"line":25,"column":4}},"2":{"start":{"line":17,"column":12},"end":{"line":19,"column":23}}},"fnMap":{"0":{"name":"(anonymous_0)","decl":{"start":{"line":10,"column":35},"end":{"line":10,"column":36}},"loc":{"start":{"line":10,"column":49},"end":{"line":26,"column":1}},"line":10},"1":{"name":"(anonymous_1)","decl":{"start":{"line":16,"column":20},"end":{"line":16,"column":21}},"loc":{"start":{"line":17,"column":12},"end":{"line":19,"column":23}},"line":17}},"branchMap":{"0":{"loc":{"start":{"line":14,"column":7},"end":{"line":22,"column":7}},"type":"binary-expr","locations":[{"start":{"line":14,"column":7},"end":{"line":14,"column":11}},{"start":{"line":14,"column":15},"end":{"line":14,"column":30}},{"start":{"line":15,"column":8},"end":{"line":21,"column":25}}],"line":14}},"s":{"0":4,"1":5,"2":3},"f":{"0":5,"1":3},"b":{"0":[5,5,2]},"_coverageSchema":"1a1c01bbd47fc00a2c39e90264f33305004495a9","hash":"9416585ad66074d80ba902a1726cc1fb167806bc"}
,"D:\\estadao-tech-challenge\\frontend\\src\\components\\Header\\Menu\\interface.tsx": {"path":"D:\\estadao-tech-challenge\\frontend\\src\\components\\Header\\Menu\\interface.tsx","statementMap":{},"fnMap":{},"branchMap":{},"s":{},"f":{},"b":{}}
,"D:\\estadao-tech-challenge\\frontend\\src\\components\\Header\\Menu\\styled.tsx": {"path":"D:\\estadao-tech-challenge\\frontend\\src\\components\\Header\\Menu\\styled.tsx","statementMap":{"0":{"start":{"line":4,"column":14},"end":{"line":4,"column":28}},"1":{"start":{"line":6,"column":29},"end":{"line":15,"column":1}},"2":{"start":{"line":17,"column":24},"end":{"line":46,"column":1}},"3":{"start":{"line":48,"column":30},"end":{"line":55,"column":1}}},"fnMap":{},"branchMap":{},"s":{"0":4,"1":4,"2":4,"3":4},"f":{},"b":{},"_coverageSchema":"1a1c01bbd47fc00a2c39e90264f33305004495a9","hash":"5a4decc48f60b258ee55f02492a570f7dce83f1e"}
,"D:\\estadao-tech-challenge\\frontend\\src\\components\\Header\\SearchBar\\index.tsx": {"path":"D:\\estadao-tech-challenge\\frontend\\src\\components\\Header\\SearchBar\\index.tsx","statementMap":{"0":{"start":{"line":9,"column":29},"end":{"line":37,"column":1}},"1":{"start":{"line":10,"column":38},"end":{"line":10,"column":50}},"2":{"start":{"line":11,"column":26},"end":{"line":11,"column":47}},"3":{"start":{"line":13,"column":28},"end":{"line":16,"column":3}},"4":{"start":{"line":14,"column":4},"end":{"line":14,"column":34}},"5":{"start":{"line":15,"column":4},"end":{"line":15,"column":55}},"6":{"start":{"line":18,"column":21},"end":{"line":21,"column":3}},"7":{"start":{"line":19,"column":4},"end":{"line":19,"column":22}},"8":{"start":{"line":20,"column":4},"end":{"line":20,"column":25}},"9":{"start":{"line":23,"column":2},"end":{"line":36,"column":4}}},"fnMap":{"0":{"name":"(anonymous_0)","decl":{"start":{"line":9,"column":29},"end":{"line":9,"column":30}},"loc":{"start":{"line":9,"column":35},"end":{"line":37,"column":1}},"line":9},"1":{"name":"(anonymous_1)","decl":{"start":{"line":13,"column":28},"end":{"line":13,"column":29}},"loc":{"start":{"line":13,"column":72},"end":{"line":16,"column":3}},"line":13},"2":{"name":"(anonymous_2)","decl":{"start":{"line":18,"column":21},"end":{"line":18,"column":22}},"loc":{"start":{"line":18,"column":27},"end":{"line":21,"column":3}},"line":18}},"branchMap":{"0":{"loc":{"start":{"line":15,"column":12},"end":{"line":15,"column":53}},"type":"cond-expr","locations":[{"start":{"line":15,"column":29},"end":{"line":15,"column":39}},{"start":{"line":15,"column":42},"end":{"line":15,"column":53}}],"line":15},"1":{"loc":{"start":{"line":32,"column":32},"end":{"line":32,"column":67}},"type":"cond-expr","locations":[{"start":{"line":32,"column":45},"end":{"line":32,"column":55}},{"start":{"line":32,"column":58},"end":{"line":32,"column":67}}],"line":32}},"s":{"0":5,"1":13,"2":13,"3":13,"4":3,"5":3,"6":13,"7":1,"8":1,"9":13},"f":{"0":13,"1":3,"2":1},"b":{"0":[3,0],"1":[3,10]},"_coverageSchema":"1a1c01bbd47fc00a2c39e90264f33305004495a9","hash":"5269d0251ccb3cdb3ad3fbcdcbee51e9c9946609"}
,"D:\\estadao-tech-challenge\\frontend\\src\\components\\Header\\SearchBar\\styled.tsx": {"path":"D:\\estadao-tech-challenge\\frontend\\src\\components\\Header\\SearchBar\\styled.tsx","statementMap":{"0":{"start":{"line":3,"column":31},"end":{"line":14,"column":1}},"1":{"start":{"line":16,"column":34},"end":{"line":22,"column":1}},"2":{"start":{"line":24,"column":30},"end":{"line":36,"column":1}}},"fnMap":{},"branchMap":{},"s":{"0":5,"1":5,"2":5},"f":{},"b":{},"_coverageSchema":"1a1c01bbd47fc00a2c39e90264f33305004495a9","hash":"1bef9c01600e66408f34af7f5d1218c7437e0ce2"}
,"D:\\estadao-tech-challenge\\frontend\\src\\components\\Modal\\index.tsx": {"path":"D:\\estadao-tech-challenge\\frontend\\src\\components\\Modal\\index.tsx","statementMap":{"0":{"start":{"line":13,"column":37},"end":{"line":36,"column":1}},"1":{"start":{"line":20,"column":2},"end":{"line":35,"column":4}},"2":{"start":{"line":24,"column":42},"end":{"line":24,"column":61}}},"fnMap":{"0":{"name":"(anonymous_0)","decl":{"start":{"line":13,"column":37},"end":{"line":13,"column":38}},"loc":{"start":{"line":19,"column":6},"end":{"line":36,"column":1}},"line":19},"1":{"name":"(anonymous_1)","decl":{"start":{"line":24,"column":35},"end":{"line":24,"column":36}},"loc":{"start":{"line":24,"column":42},"end":{"line":24,"column":61}},"line":24}},"branchMap":{"0":{"loc":{"start":{"line":22,"column":7},"end":{"line":33,"column":7}},"type":"binary-expr","locations":[{"start":{"line":22,"column":7},"end":{"line":22,"column":13}},{"start":{"line":23,"column":8},"end":{"line":32,"column":23}}],"line":22}},"s":{"0":5,"1":15,"2":1},"f":{"0":15,"1":1},"b":{"0":[15,4]},"_coverageSchema":"1a1c01bbd47fc00a2c39e90264f33305004495a9","hash":"d249f4936f8fa8e042b001b3efb85e5f144df95e"}
,"D:\\estadao-tech-challenge\\frontend\\src\\components\\Modal\\interface.tsx": {"path":"D:\\estadao-tech-challenge\\frontend\\src\\components\\Modal\\interface.tsx","statementMap":{},"fnMap":{},"branchMap":{},"s":{},"f":{},"b":{}}
,"D:\\estadao-tech-challenge\\frontend\\src\\components\\Modal\\styled.tsx": {"path":"D:\\estadao-tech-challenge\\frontend\\src\\components\\Modal\\styled.tsx","statementMap":{"0":{"start":{"line":3,"column":28},"end":{"line":14,"column":1}},"1":{"start":{"line":16,"column":30},"end":{"line":24,"column":1}},"2":{"start":{"line":26,"column":27},"end":{"line":32,"column":1}},"3":{"start":{"line":34,"column":26},"end":{"line":37,"column":1}},"4":{"start":{"line":39,"column":25},"end":{"line":41,"column":1}},"5":{"start":{"line":43,"column":27},"end":{"line":46,"column":1}},"6":{"start":{"line":48,"column":32},"end":{"line":56,"column":1}}},"fnMap":{},"branchMap":{},"s":{"0":5,"1":5,"2":5,"3":5,"4":5,"5":5,"6":5},"f":{},"b":{},"_coverageSchema":"1a1c01bbd47fc00a2c39e90264f33305004495a9","hash":"21ef8415de0339123211ad2898d822343209b731"}
,"D:\\estadao-tech-challenge\\frontend\\src\\components\\Post\\index.tsx": {"path":"D:\\estadao-tech-challenge\\frontend\\src\\components\\Post\\index.tsx","statementMap":{"0":{"start":{"line":21,"column":35},"end":{"line":111,"column":1}},"1":{"start":{"line":25,"column":30},"end":{"line":25,"column":54}},"2":{"start":{"line":27,"column":19},"end":{"line":34,"column":3}},"3":{"start":{"line":28,"column":22},"end":{"line":28,"column":25}},"4":{"start":{"line":29,"column":4},"end":{"line":33,"column":5}},"5":{"start":{"line":30,"column":6},"end":{"line":30,"column":50}},"6":{"start":{"line":32,"column":6},"end":{"line":32,"column":18}},"7":{"start":{"line":36,"column":19},"end":{"line":48,"column":3}},"8":{"start":{"line":37,"column":4},"end":{"line":37,"column":23}},"9":{"start":{"line":39,"column":4},"end":{"line":47,"column":5}},"10":{"start":{"line":40,"column":23},"end":{"line":40,"column":27}},"11":{"start":{"line":42,"column":43},"end":{"line":44,"column":7}},"12":{"start":{"line":46,"column":6},"end":{"line":46,"column":43}},"13":{"start":{"line":50,"column":2},"end":{"line":110,"column":4}},"14":{"start":{"line":89,"column":27},"end":{"line":89,"column":43}}},"fnMap":{"0":{"name":"(anonymous_0)","decl":{"start":{"line":21,"column":35},"end":{"line":21,"column":36}},"loc":{"start":{"line":24,"column":6},"end":{"line":111,"column":1}},"line":24},"1":{"name":"(anonymous_1)","decl":{"start":{"line":27,"column":19},"end":{"line":27,"column":20}},"loc":{"start":{"line":27,"column":45},"end":{"line":34,"column":3}},"line":27},"2":{"name":"(anonymous_2)","decl":{"start":{"line":36,"column":19},"end":{"line":36,"column":20}},"loc":{"start":{"line":36,"column":46},"end":{"line":48,"column":3}},"line":36},"3":{"name":"(anonymous_3)","decl":{"start":{"line":89,"column":21},"end":{"line":89,"column":22}},"loc":{"start":{"line":89,"column":27},"end":{"line":89,"column":43}},"line":89}},"branchMap":{"0":{"loc":{"start":{"line":22,"column":2},"end":{"line":22,"column":19}},"type":"default-arg","locations":[{"start":{"line":22,"column":14},"end":{"line":22,"column":19}}],"line":22},"1":{"loc":{"start":{"line":29,"column":4},"end":{"line":33,"column":5}},"type":"if","locations":[{"start":{"line":29,"column":4},"end":{"line":33,"column":5}},{"start":{"line":31,"column":11},"end":{"line":33,"column":5}}],"line":29},"2":{"loc":{"start":{"line":39,"column":4},"end":{"line":47,"column":5}},"type":"if","locations":[{"start":{"line":39,"column":4},"end":{"line":47,"column":5}},{"start":{},"end":{}}],"line":39},"3":{"loc":{"start":{"line":52,"column":7},"end":{"line":108,"column":7}},"type":"binary-expr","locations":[{"start":{"line":52,"column":7},"end":{"line":52,"column":11}},{"start":{"line":53,"column":8},"end":{"line":107,"column":11}}],"line":52}},"s":{"0":4,"1":12,"2":12,"3":11,"4":11,"5":11,"6":0,"7":12,"8":1,"9":1,"10":1,"11":1,"12":1,"13":12,"14":0},"f":{"0":12,"1":11,"2":1,"3":0},"b":{"0":[8],"1":[11,0],"2":[1,0],"3":[12,11]},"_coverageSchema":"1a1c01bbd47fc00a2c39e90264f33305004495a9","hash":"02e4f1bc4458d3d00ab360aa80a9404ab9820a6f"}
,"D:\\estadao-tech-challenge\\frontend\\src\\components\\Post\\interface.tsx": {"path":"D:\\estadao-tech-challenge\\frontend\\src\\components\\Post\\interface.tsx","statementMap":{},"fnMap":{},"branchMap":{},"s":{},"f":{},"b":{}}
,"D:\\estadao-tech-challenge\\frontend\\src\\components\\Post\\styled.tsx": {"path":"D:\\estadao-tech-challenge\\frontend\\src\\components\\Post\\styled.tsx","statementMap":{"0":{"start":{"line":5,"column":24},"end":{"line":9,"column":1}},"1":{"start":{"line":11,"column":29},"end":{"line":23,"column":1}},"2":{"start":{"line":19,"column":4},"end":{"line":22,"column":3}},"3":{"start":{"line":25,"column":25},"end":{"line":29,"column":1}},"4":{"start":{"line":31,"column":34},"end":{"line":41,"column":1}},"5":{"start":{"line":35,"column":4},"end":{"line":40,"column":3}},"6":{"start":{"line":43,"column":34},"end":{"line":58,"column":1}}},"fnMap":{"0":{"name":"(anonymous_0)","decl":{"start":{"line":18,"column":4},"end":{"line":18,"column":5}},"loc":{"start":{"line":19,"column":4},"end":{"line":22,"column":3}},"line":19},"1":{"name":"(anonymous_1)","decl":{"start":{"line":34,"column":4},"end":{"line":34,"column":5}},"loc":{"start":{"line":35,"column":4},"end":{"line":40,"column":3}},"line":35}},"branchMap":{"0":{"loc":{"start":{"line":19,"column":4},"end":{"line":22,"column":3}},"type":"binary-expr","locations":[{"start":{"line":19,"column":4},"end":{"line":19,"column":14}},{"start":{"line":20,"column":4},"end":{"line":22,"column":3}}],"line":19},"1":{"loc":{"start":{"line":35,"column":4},"end":{"line":40,"column":3}},"type":"binary-expr","locations":[{"start":{"line":35,"column":4},"end":{"line":35,"column":15}},{"start":{"line":36,"column":4},"end":{"line":40,"column":3}}],"line":35}},"s":{"0":4,"1":4,"2":11,"3":4,"4":4,"5":11,"6":4},"f":{"0":11,"1":11},"b":{"0":[11,3],"1":[11,8]},"_coverageSchema":"1a1c01bbd47fc00a2c39e90264f33305004495a9","hash":"123f7a47d135366d56b8cbab06fbb142def42da6"}
,"D:\\estadao-tech-challenge\\frontend\\src\\components\\Post\\PostCategory\\index.tsx": {"path":"D:\\estadao-tech-challenge\\frontend\\src\\components\\Post\\PostCategory\\index.tsx","statementMap":{"0":{"start":{"line":7,"column":51},"end":{"line":20,"column":1}},"1":{"start":{"line":13,"column":2},"end":{"line":19,"column":4}}},"fnMap":{"0":{"name":"(anonymous_0)","decl":{"start":{"line":7,"column":51},"end":{"line":7,"column":52}},"loc":{"start":{"line":12,"column":6},"end":{"line":20,"column":1}},"line":12}},"branchMap":{"0":{"loc":{"start":{"line":8,"column":2},"end":{"line":8,"column":19}},"type":"default-arg","locations":[{"start":{"line":8,"column":14},"end":{"line":8,"column":19}}],"line":8}},"s":{"0":5,"1":15},"f":{"0":15},"b":{"0":[3]},"_coverageSchema":"1a1c01bbd47fc00a2c39e90264f33305004495a9","hash":"f9a0c5be6a1ff478515ce4496b09cabb68cc71ad"}
,"D:\\estadao-tech-challenge\\frontend\\src\\components\\Post\\PostCategory\\interface.tsx": {"path":"D:\\estadao-tech-challenge\\frontend\\src\\components\\Post\\PostCategory\\interface.tsx","statementMap":{},"fnMap":{},"branchMap":{},"s":{},"f":{},"b":{}}
,"D:\\estadao-tech-challenge\\frontend\\src\\components\\Post\\PostCategory\\styled.tsx": {"path":"D:\\estadao-tech-challenge\\frontend\\src\\components\\Post\\PostCategory\\styled.tsx","statementMap":{"0":{"start":{"line":5,"column":37},"end":{"line":14,"column":1}},"1":{"start":{"line":8,"column":24},"end":{"line":13,"column":3}},"2":{"start":{"line":16,"column":32},"end":{"line":36,"column":1}}},"fnMap":{"0":{"name":"(anonymous_0)","decl":{"start":{"line":8,"column":4},"end":{"line":8,"column":5}},"loc":{"start":{"line":8,"column":24},"end":{"line":13,"column":3}},"line":8}},"branchMap":{"0":{"loc":{"start":{"line":8,"column":24},"end":{"line":13,"column":3}},"type":"binary-expr","locations":[{"start":{"line":8,"column":24},"end":{"line":8,"column":34}},{"start":{"line":9,"column":4},"end":{"line":13,"column":3}}],"line":8}},"s":{"0":5,"1":15,"2":5},"f":{"0":15},"b":{"0":[15,4]},"_coverageSchema":"1a1c01bbd47fc00a2c39e90264f33305004495a9","hash":"fe4ff9717e194d6affda3ac689c915cfda496c9f"}
,"D:\\estadao-tech-challenge\\frontend\\src\\components\\Post\\PostMeta\\index.tsx": {"path":"D:\\estadao-tech-challenge\\frontend\\src\\components\\Post\\PostMeta\\index.tsx","statementMap":{"0":{"start":{"line":8,"column":47},"end":{"line":40,"column":1}},"1":{"start":{"line":15,"column":2},"end":{"line":39,"column":4}}},"fnMap":{"0":{"name":"(anonymous_0)","decl":{"start":{"line":8,"column":47},"end":{"line":8,"column":48}},"loc":{"start":{"line":14,"column":6},"end":{"line":40,"column":1}},"line":14}},"branchMap":{"0":{"loc":{"start":{"line":22,"column":9},"end":{"line":22,"column":52}},"type":"binary-expr","locations":[{"start":{"line":22,"column":9},"end":{"line":22,"column":13}},{"start":{"line":22,"column":17},"end":{"line":22,"column":52}}],"line":22},"1":{"loc":{"start":{"line":23,"column":9},"end":{"line":36,"column":9}},"type":"binary-expr","locations":[{"start":{"line":23,"column":9},"end":{"line":23,"column":18}},{"start":{"line":24,"column":10},"end":{"line":35,"column":13}}],"line":23},"2":{"loc":{"start":{"line":25,"column":13},"end":{"line":29,"column":13}},"type":"binary-expr","locations":[{"start":{"line":25,"column":13},"end":{"line":25,"column":18}},{"start":{"line":25,"column":22},"end":{"line":25,"column":31}},{"start":{"line":26,"column":14},"end":{"line":28,"column":29}}],"line":25},"3":{"loc":{"start":{"line":30,"column":13},"end":{"line":34,"column":13}},"type":"binary-expr","locations":[{"start":{"line":30,"column":13},"end":{"line":30,"column":19}},{"start":{"line":30,"column":23},"end":{"line":30,"column":33}},{"start":{"line":31,"column":14},"end":{"line":33,"column":29}}],"line":30}},"s":{"0":5,"1":14},"f":{"0":14},"b":{"0":[14,14],"1":[14,4],"2":[4,4,4],"3":[4,1,1]},"_coverageSchema":"1a1c01bbd47fc00a2c39e90264f33305004495a9","hash":"3b6bd27dd9a4f937d17b63ceffbc8da898bd1502"}
,"D:\\estadao-tech-challenge\\frontend\\src\\components\\Post\\PostMeta\\interface.tsx": {"path":"D:\\estadao-tech-challenge\\frontend\\src\\components\\Post\\PostMeta\\interface.tsx","statementMap":{},"fnMap":{},"branchMap":{},"s":{},"f":{},"b":{}}
,"D:\\estadao-tech-challenge\\frontend\\src\\components\\Post\\PostMeta\\styled.tsx": {"path":"D:\\estadao-tech-challenge\\frontend\\src\\components\\Post\\PostMeta\\styled.tsx","statementMap":{"0":{"start":{"line":3,"column":33},"end":{"line":5,"column":1}},"1":{"start":{"line":7,"column":28},"end":{"line":23,"column":1}},"2":{"start":{"line":25,"column":28},"end":{"line":36,"column":1}}},"fnMap":{},"branchMap":{},"s":{"0":5,"1":5,"2":5},"f":{},"b":{},"_coverageSchema":"1a1c01bbd47fc00a2c39e90264f33305004495a9","hash":"c213aa1c593cf80e86a6ab49b673f71c3baf6afb"}
,"D:\\estadao-tech-challenge\\frontend\\src\\components\\Post\\PostTitle\\index.tsx": {"path":"D:\\estadao-tech-challenge\\frontend\\src\\components\\Post\\PostTitle\\index.tsx","statementMap":{"0":{"start":{"line":7,"column":45},"end":{"line":27,"column":1}},"1":{"start":{"line":12,"column":25},"end":{"line":16,"column":3}},"2":{"start":{"line":13,"column":4},"end":{"line":15,"column":5}},"3":{"start":{"line":14,"column":6},"end":{"line":14,"column":16}},"4":{"start":{"line":18,"column":2},"end":{"line":26,"column":4}}},"fnMap":{"0":{"name":"(anonymous_0)","decl":{"start":{"line":7,"column":45},"end":{"line":7,"column":46}},"loc":{"start":{"line":11,"column":6},"end":{"line":27,"column":1}},"line":11},"1":{"name":"(anonymous_1)","decl":{"start":{"line":12,"column":25},"end":{"line":12,"column":26}},"loc":{"start":{"line":12,"column":31},"end":{"line":16,"column":3}},"line":12}},"branchMap":{"0":{"loc":{"start":{"line":13,"column":4},"end":{"line":15,"column":5}},"type":"if","locations":[{"start":{"line":13,"column":4},"end":{"line":15,"column":5}},{"start":{},"end":{}}],"line":13}},"s":{"0":5,"1":15,"2":2,"3":1,"4":15},"f":{"0":15,"1":2},"b":{"0":[1,1]},"_coverageSchema":"1a1c01bbd47fc00a2c39e90264f33305004495a9","hash":"a0b916f34822ef61cc20be23b9be0baf22886329"}
,"D:\\estadao-tech-challenge\\frontend\\src\\components\\Post\\PostTitle\\interface.tsx": {"path":"D:\\estadao-tech-challenge\\frontend\\src\\components\\Post\\PostTitle\\interface.tsx","statementMap":{},"fnMap":{},"branchMap":{},"s":{},"f":{},"b":{}}
,"D:\\estadao-tech-challenge\\frontend\\src\\components\\Post\\PostTitle\\styled.tsx": {"path":"D:\\estadao-tech-challenge\\frontend\\src\\components\\Post\\PostTitle\\styled.tsx","statementMap":{"0":{"start":{"line":6,"column":34},"end":{"line":9,"column":1}},"1":{"start":{"line":11,"column":29},"end":{"line":14,"column":3}},"2":{"start":{"line":12,"column":24},"end":{"line":14,"column":1}},"3":{"start":{"line":16,"column":29},"end":{"line":39,"column":1}},"4":{"start":{"line":35,"column":4},"end":{"line":38,"column":3}}},"fnMap":{"0":{"name":"(anonymous_0)","decl":{"start":{"line":12,"column":4},"end":{"line":12,"column":5}},"loc":{"start":{"line":12,"column":24},"end":{"line":14,"column":1}},"line":12},"1":{"name":"(anonymous_1)","decl":{"start":{"line":34,"column":4},"end":{"line":34,"column":5}},"loc":{"start":{"line":35,"column":4},"end":{"line":38,"column":3}},"line":35}},"branchMap":{"0":{"loc":{"start":{"line":12,"column":24},"end":{"line":14,"column":1}},"type":"binary-expr","locations":[{"start":{"line":12,"column":24},"end":{"line":12,"column":35}},{"start":{"line":12,"column":38},"end":{"line":14,"column":1}}],"line":12},"1":{"loc":{"start":{"line":35,"column":4},"end":{"line":38,"column":3}},"type":"binary-expr","locations":[{"start":{"line":35,"column":4},"end":{"line":35,"column":15}},{"start":{"line":36,"column":4},"end":{"line":38,"column":3}}],"line":35}},"s":{"0":5,"1":5,"2":15,"3":5,"4":15},"f":{"0":15,"1":15},"b":{"0":[15,9],"1":[15,9]},"_coverageSchema":"1a1c01bbd47fc00a2c39e90264f33305004495a9","hash":"a7a1e3ac35d179569e10b0ad705afcb67a2248d7"}
,"D:\\estadao-tech-challenge\\frontend\\src\\components\\ResourceLinks\\index.tsx": {"path":"D:\\estadao-tech-challenge\\frontend\\src\\components\\ResourceLinks\\index.tsx","statementMap":{"0":{"start":{"line":8,"column":53},"end":{"line":25,"column":1}},"1":{"start":{"line":9,"column":2},"end":{"line":24,"column":4}},"2":{"start":{"line":15,"column":14},"end":{"line":19,"column":34}}},"fnMap":{"0":{"name":"(anonymous_0)","decl":{"start":{"line":8,"column":53},"end":{"line":8,"column":54}},"loc":{"start":{"line":8,"column":68},"end":{"line":25,"column":1}},"line":8},"1":{"name":"(anonymous_1)","decl":{"start":{"line":14,"column":22},"end":{"line":14,"column":23}},"loc":{"start":{"line":15,"column":14},"end":{"line":19,"column":34}},"line":15}},"branchMap":{"0":{"loc":{"start":{"line":11,"column":7},"end":{"line":22,"column":7}},"type":"binary-expr","locations":[{"start":{"line":11,"column":7},"end":{"line":11,"column":12}},{"start":{"line":11,"column":16},"end":{"line":11,"column":32}},{"start":{"line":12,"column":8},"end":{"line":21,"column":28}}],"line":11},"1":{"loc":{"start":{"line":13,"column":11},"end":{"line":20,"column":14}},"type":"binary-expr","locations":[{"start":{"line":13,"column":11},"end":{"line":13,"column":16}},{"start":{"line":14,"column":12},"end":{"line":20,"column":14}}],"line":13}},"s":{"0":5,"1":4,"2":3},"f":{"0":4,"1":3},"b":{"0":[4,4,2],"1":[2,2]},"_coverageSchema":"1a1c01bbd47fc00a2c39e90264f33305004495a9","hash":"9e4808a489cf50783e76a39c50a40d47e9ebf195"}
,"D:\\estadao-tech-challenge\\frontend\\src\\components\\ResourceLinks\\interface.tsx": {"path":"D:\\estadao-tech-challenge\\frontend\\src\\components\\ResourceLinks\\interface.tsx","statementMap":{},"fnMap":{},"branchMap":{},"s":{},"f":{},"b":{}}
,"D:\\estadao-tech-challenge\\frontend\\src\\components\\ResourceLinks\\styled.tsx": {"path":"D:\\estadao-tech-challenge\\frontend\\src\\components\\ResourceLinks\\styled.tsx","statementMap":{"0":{"start":{"line":3,"column":33},"end":{"line":15,"column":1}},"1":{"start":{"line":17,"column":33},"end":{"line":24,"column":1}}},"fnMap":{},"branchMap":{},"s":{"0":5,"1":5},"f":{},"b":{},"_coverageSchema":"1a1c01bbd47fc00a2c39e90264f33305004495a9","hash":"1b5841a60456d935649d69ae98d11f649e56c083"}
,"D:\\estadao-tech-challenge\\frontend\\src\\components\\SectionGrid\\index.tsx": {"path":"D:\\estadao-tech-challenge\\frontend\\src\\components\\SectionGrid\\index.tsx","statementMap":{"0":{"start":{"line":10,"column":49},"end":{"line":62,"column":1}},"1":{"start":{"line":11,"column":44},"end":{"line":11,"column":64}},"2":{"start":{"line":12,"column":38},"end":{"line":12,"column":60}},"3":{"start":{"line":14,"column":21},"end":{"line":14,"column":61}},"4":{"start":{"line":14,"column":36},"end":{"line":14,"column":61}},"5":{"start":{"line":16,"column":2},"end":{"line":29,"column":14}},"6":{"start":{"line":17,"column":4},"end":{"line":28,"column":5}},"7":{"start":{"line":18,"column":24},"end":{"line":18,"column":60}},"8":{"start":{"line":18,"column":45},"end":{"line":18,"column":59}},"9":{"start":{"line":20,"column":6},"end":{"line":27,"column":7}},"10":{"start":{"line":21,"column":8},"end":{"line":21,"column":36}},"11":{"start":{"line":23,"column":29},"end":{"line":25,"column":9}},"12":{"start":{"line":24,"column":20},"end":{"line":24,"column":48}},"13":{"start":{"line":26,"column":8},"end":{"line":26,"column":36}},"14":{"start":{"line":31,"column":2},"end":{"line":61,"column":4}},"15":{"start":{"line":44,"column":22},"end":{"line":44,"column":54}},"16":{"start":{"line":51,"column":18},"end":{"line":53,"column":27}}},"fnMap":{"0":{"name":"(anonymous_0)","decl":{"start":{"line":10,"column":49},"end":{"line":10,"column":50}},"loc":{"start":{"line":10,"column":70},"end":{"line":62,"column":1}},"line":10},"1":{"name":"(anonymous_1)","decl":{"start":{"line":14,"column":21},"end":{"line":14,"column":22}},"loc":{"start":{"line":14,"column":36},"end":{"line":14,"column":61}},"line":14},"2":{"name":"(anonymous_2)","decl":{"start":{"line":16,"column":12},"end":{"line":16,"column":13}},"loc":{"start":{"line":16,"column":18},"end":{"line":29,"column":3}},"line":16},"3":{"name":"(anonymous_3)","decl":{"start":{"line":18,"column":35},"end":{"line":18,"column":36}},"loc":{"start":{"line":18,"column":45},"end":{"line":18,"column":59}},"line":18},"4":{"name":"(anonymous_4)","decl":{"start":{"line":24,"column":10},"end":{"line":24,"column":11}},"loc":{"start":{"line":24,"column":20},"end":{"line":24,"column":48}},"line":24},"5":{"name":"(anonymous_5)","decl":{"start":{"line":43,"column":35},"end":{"line":43,"column":36}},"loc":{"start":{"line":44,"column":22},"end":{"line":44,"column":54}},"line":44},"6":{"name":"(anonymous_6)","decl":{"start":{"line":50,"column":27},"end":{"line":50,"column":28}},"loc":{"start":{"line":51,"column":18},"end":{"line":53,"column":27}},"line":51}},"branchMap":{"0":{"loc":{"start":{"line":14,"column":36},"end":{"line":14,"column":61}},"type":"binary-expr","locations":[{"start":{"line":14,"column":36},"end":{"line":14,"column":41}},{"start":{"line":14,"column":45},"end":{"line":14,"column":61}}],"line":14},"1":{"loc":{"start":{"line":17,"column":4},"end":{"line":28,"column":5}},"type":"if","locations":[{"start":{"line":17,"column":4},"end":{"line":28,"column":5}},{"start":{},"end":{}}],"line":17},"2":{"loc":{"start":{"line":20,"column":6},"end":{"line":27,"column":7}},"type":"if","locations":[{"start":{"line":20,"column":6},"end":{"line":27,"column":7}},{"start":{},"end":{}}],"line":20},"3":{"loc":{"start":{"line":33,"column":7},"end":{"line":59,"column":7}},"type":"binary-expr","locations":[{"start":{"line":33,"column":7},"end":{"line":33,"column":19}},{"start":{"line":34,"column":8},"end":{"line":58,"column":31}}],"line":33},"4":{"loc":{"start":{"line":36,"column":13},"end":{"line":56,"column":13}},"type":"cond-expr","locations":[{"start":{"line":37,"column":14},"end":{"line":47,"column":17}},{"start":{"line":49,"column":14},"end":{"line":55,"column":17}}],"line":36},"5":{"loc":{"start":{"line":42,"column":19},"end":{"line":45,"column":22}},"type":"binary-expr","locations":[{"start":{"line":42,"column":19},"end":{"line":42,"column":29}},{"start":{"line":43,"column":20},"end":{"line":45,"column":22}}],"line":42}},"s":{"0":4,"1":5,"2":5,"3":5,"4":8,"5":5,"6":3,"7":2,"8":2,"9":2,"10":2,"11":2,"12":6,"13":2,"14":5,"15":2,"16":6},"f":{"0":5,"1":8,"2":3,"3":2,"4":6,"5":2,"6":6},"b":{"0":[8,8],"1":[2,1],"2":[2,0],"3":[5,4],"4":[2,2],"5":[2,1]},"_coverageSchema":"1a1c01bbd47fc00a2c39e90264f33305004495a9","hash":"3f47ec3bf273ef3721f1cb22ea3a32a90addfe98"}
,"D:\\estadao-tech-challenge\\frontend\\src\\components\\SectionGrid\\interface.tsx": {"path":"D:\\estadao-tech-challenge\\frontend\\src\\components\\SectionGrid\\interface.tsx","statementMap":{},"fnMap":{},"branchMap":{},"s":{},"f":{},"b":{}}
,"D:\\estadao-tech-challenge\\frontend\\src\\components\\SectionGrid\\styled.tsx": {"path":"D:\\estadao-tech-challenge\\frontend\\src\\components\\SectionGrid\\styled.tsx","statementMap":{"0":{"start":{"line":3,"column":36},"end":{"line":6,"column":1}}},"fnMap":{},"branchMap":{},"s":{"0":4},"f":{},"b":{},"_coverageSchema":"1a1c01bbd47fc00a2c39e90264f33305004495a9","hash":"9b7427d089f376b2055e4ce18c119b5bd49eac5e"}
,"D:\\estadao-tech-challenge\\frontend\\src\\components\\SocialMedia\\index.tsx": {"path":"D:\\estadao-tech-challenge\\frontend\\src\\components\\SocialMedia\\index.tsx","statementMap":{"0":{"start":{"line":7,"column":49},"end":{"line":23,"column":1}},"1":{"start":{"line":8,"column":2},"end":{"line":22,"column":4}},"2":{"start":{"line":13,"column":12},"end":{"line":17,"column":30}}},"fnMap":{"0":{"name":"(anonymous_0)","decl":{"start":{"line":7,"column":49},"end":{"line":7,"column":50}},"loc":{"start":{"line":7,"column":65},"end":{"line":23,"column":1}},"line":7},"1":{"name":"(anonymous_1)","decl":{"start":{"line":12,"column":22},"end":{"line":12,"column":23}},"loc":{"start":{"line":13,"column":12},"end":{"line":17,"column":30}},"line":13}},"branchMap":{"0":{"loc":{"start":{"line":10,"column":7},"end":{"line":20,"column":7}},"type":"binary-expr","locations":[{"start":{"line":10,"column":7},"end":{"line":10,"column":13}},{"start":{"line":10,"column":17},"end":{"line":10,"column":34}},{"start":{"line":11,"column":8},"end":{"line":19,"column":26}}],"line":10}},"s":{"0":5,"1":4,"2":3},"f":{"0":4,"1":3},"b":{"0":[4,4,2]},"_coverageSchema":"1a1c01bbd47fc00a2c39e90264f33305004495a9","hash":"2556b0a83181215ab7b347b4ed75987765b0fef9"}
,"D:\\estadao-tech-challenge\\frontend\\src\\components\\SocialMedia\\interface.tsx": {"path":"D:\\estadao-tech-challenge\\frontend\\src\\components\\SocialMedia\\interface.tsx","statementMap":{},"fnMap":{},"branchMap":{},"s":{},"f":{},"b":{}}
,"D:\\estadao-tech-challenge\\frontend\\src\\components\\SocialMedia\\styled.tsx": {"path":"D:\\estadao-tech-challenge\\frontend\\src\\components\\SocialMedia\\styled.tsx","statementMap":{"0":{"start":{"line":3,"column":31},"end":{"line":12,"column":1}},"1":{"start":{"line":14,"column":31},"end":{"line":22,"column":1}}},"fnMap":{},"branchMap":{},"s":{"0":5,"1":5},"f":{},"b":{},"_coverageSchema":"1a1c01bbd47fc00a2c39e90264f33305004495a9","hash":"ade60bbe12c2597c7bd829e5253c15df94d68248"}
,"D:\\estadao-tech-challenge\\frontend\\src\\components\\Spinner\\index.tsx": {"path":"D:\\estadao-tech-challenge\\frontend\\src\\components\\Spinner\\index.tsx","statementMap":{"0":{"start":{"line":5,"column":47},"end":{"line":11,"column":1}},"1":{"start":{"line":6,"column":2},"end":{"line":10,"column":4}}},"fnMap":{"0":{"name":"(anonymous_0)","decl":{"start":{"line":5,"column":47},"end":{"line":5,"column":48}},"loc":{"start":{"line":5,"column":68},"end":{"line":11,"column":1}},"line":5}},"branchMap":{},"s":{"0":5,"1":3},"f":{"0":3},"b":{},"_coverageSchema":"1a1c01bbd47fc00a2c39e90264f33305004495a9","hash":"1fee93a6dc5ed01f3f3a6376885e9c09cb9d768a"}
,"D:\\estadao-tech-challenge\\frontend\\src\\components\\Spinner\\interface.tsx": {"path":"D:\\estadao-tech-challenge\\frontend\\src\\components\\Spinner\\interface.tsx","statementMap":{},"fnMap":{},"branchMap":{},"s":{},"f":{},"b":{}}
,"D:\\estadao-tech-challenge\\frontend\\src\\components\\Spinner\\styled.tsx": {"path":"D:\\estadao-tech-challenge\\frontend\\src\\components\\Spinner\\styled.tsx","statementMap":{"0":{"start":{"line":4,"column":13},"end":{"line":7,"column":1}},"1":{"start":{"line":9,"column":32},"end":{"line":15,"column":1}},"2":{"start":{"line":17,"column":27},"end":{"line":24,"column":1}},"3":{"start":{"line":19,"column":38},"end":{"line":19,"column":56}},"4":{"start":{"line":21,"column":25},"end":{"line":21,"column":35}},"5":{"start":{"line":22,"column":26},"end":{"line":22,"column":36}}},"fnMap":{"0":{"name":"(anonymous_0)","decl":{"start":{"line":19,"column":23},"end":{"line":19,"column":24}},"loc":{"start":{"line":19,"column":38},"end":{"line":19,"column":56}},"line":19},"1":{"name":"(anonymous_1)","decl":{"start":{"line":21,"column":11},"end":{"line":21,"column":12}},"loc":{"start":{"line":21,"column":25},"end":{"line":21,"column":35}},"line":21},"2":{"name":"(anonymous_2)","decl":{"start":{"line":22,"column":12},"end":{"line":22,"column":13}},"loc":{"start":{"line":22,"column":26},"end":{"line":22,"column":36}},"line":22}},"branchMap":{"0":{"loc":{"start":{"line":19,"column":38},"end":{"line":19,"column":56}},"type":"binary-expr","locations":[{"start":{"line":19,"column":38},"end":{"line":19,"column":43}},{"start":{"line":19,"column":47},"end":{"line":19,"column":56}}],"line":19},"1":{"loc":{"start":{"line":21,"column":25},"end":{"line":21,"column":35}},"type":"binary-expr","locations":[{"start":{"line":21,"column":25},"end":{"line":21,"column":29}},{"start":{"line":21,"column":33},"end":{"line":21,"column":35}}],"line":21},"2":{"loc":{"start":{"line":22,"column":26},"end":{"line":22,"column":36}},"type":"binary-expr","locations":[{"start":{"line":22,"column":26},"end":{"line":22,"column":30}},{"start":{"line":22,"column":34},"end":{"line":22,"column":36}}],"line":22}},"s":{"0":5,"1":5,"2":5,"3":3,"4":3,"5":3},"f":{"0":3,"1":3,"2":3},"b":{"0":[3,2],"1":[3,2],"2":[3,2]},"_coverageSchema":"1a1c01bbd47fc00a2c39e90264f33305004495a9","hash":"c721e80c6d86177ea90a55cf9322c8bb43b77e88"}
,"D:\\estadao-tech-challenge\\frontend\\src\\components\\Wrapper\\index.tsx": {"path":"D:\\estadao-tech-challenge\\frontend\\src\\components\\Wrapper\\index.tsx","statementMap":{"0":{"start":{"line":6,"column":41},"end":{"line":10,"column":1}},"1":{"start":{"line":7,"column":2},"end":{"line":9,"column":4}}},"fnMap":{"0":{"name":"(anonymous_0)","decl":{"start":{"line":6,"column":41},"end":{"line":6,"column":42}},"loc":{"start":{"line":6,"column":59},"end":{"line":10,"column":1}},"line":6}},"branchMap":{},"s":{"0":5,"1":9},"f":{"0":9},"b":{},"_coverageSchema":"1a1c01bbd47fc00a2c39e90264f33305004495a9","hash":"04907d842a2471d34fc45d19b32b6daa14391d70"}
,"D:\\estadao-tech-challenge\\frontend\\src\\components\\Wrapper\\interface.tsx": {"path":"D:\\estadao-tech-challenge\\frontend\\src\\components\\Wrapper\\interface.tsx","statementMap":{},"fnMap":{},"branchMap":{},"s":{},"f":{},"b":{}}
,"D:\\estadao-tech-challenge\\frontend\\src\\components\\Wrapper\\styled.tsx": {"path":"D:\\estadao-tech-challenge\\frontend\\src\\components\\Wrapper\\styled.tsx","statementMap":{"0":{"start":{"line":4,"column":14},"end":{"line":4,"column":28}},"1":{"start":{"line":6,"column":32},"end":{"line":41,"column":1}}},"fnMap":{},"branchMap":{},"s":{"0":5,"1":5},"f":{},"b":{},"_coverageSchema":"1a1c01bbd47fc00a2c39e90264f33305004495a9","hash":"1e8d7e5c04482fd9ec15d856f79eb15ea450bba1"}
,"D:\\estadao-tech-challenge\\frontend\\src\\pages\\index.tsx": {"path":"D:\\estadao-tech-challenge\\frontend\\src\\pages\\index.tsx","statementMap":{},"fnMap":{},"branchMap":{},"s":{},"f":{},"b":{}}
,"D:\\estadao-tech-challenge\\frontend\\src\\pages\\Admin\\index.tsx": {"path":"D:\\estadao-tech-challenge\\frontend\\src\\pages\\Admin\\index.tsx","statementMap":{"0":{"start":{"line":4,"column":21},"end":{"line":10,"column":1}},"1":{"start":{"line":5,"column":2},"end":{"line":9,"column":4}}},"fnMap":{"0":{"name":"(anonymous_0)","decl":{"start":{"line":4,"column":21},"end":{"line":4,"column":22}},"loc":{"start":{"line":4,"column":27},"end":{"line":10,"column":1}},"line":4}},"branchMap":{},"s":{"0":0,"1":0},"f":{"0":0},"b":{}}
,"D:\\estadao-tech-challenge\\frontend\\src\\pages\\Authors\\index.tsx": {"path":"D:\\estadao-tech-challenge\\frontend\\src\\pages\\Authors\\index.tsx","statementMap":{"0":{"start":{"line":11,"column":23},"end":{"line":51,"column":1}},"1":{"start":{"line":12,"column":34},"end":{"line":12,"column":58}},"2":{"start":{"line":13,"column":36},"end":{"line":13,"column":60}},"3":{"start":{"line":15,"column":19},"end":{"line":15,"column":30}},"4":{"start":{"line":17,"column":20},"end":{"line":36,"column":3}},"5":{"start":{"line":18,"column":4},"end":{"line":18,"column":23}},"6":{"start":{"line":19,"column":25},"end":{"line":19,"column":70}},"7":{"start":{"line":21,"column":40},"end":{"line":21,"column":59}},"8":{"start":{"line":23,"column":4},"end":{"line":30,"column":5}},"9":{"start":{"line":24,"column":29},"end":{"line":24,"column":49}},"10":{"start":{"line":26,"column":6},"end":{"line":29,"column":8}},"11":{"start":{"line":32,"column":17},"end":{"line":32,"column":43}},"12":{"start":{"line":33,"column":4},"end":{"line":33,"column":22}},"13":{"start":{"line":35,"column":4},"end":{"line":35,"column":24}},"14":{"start":{"line":38,"column":2},"end":{"line":40,"column":9}},"15":{"start":{"line":39,"column":4},"end":{"line":39,"column":16}},"16":{"start":{"line":42,"column":2},"end":{"line":50,"column":4}}},"fnMap":{"0":{"name":"(anonymous_0)","decl":{"start":{"line":11,"column":23},"end":{"line":11,"column":24}},"loc":{"start":{"line":11,"column":29},"end":{"line":51,"column":1}},"line":11},"1":{"name":"(anonymous_1)","decl":{"start":{"line":17,"column":20},"end":{"line":17,"column":21}},"loc":{"start":{"line":17,"column":47},"end":{"line":36,"column":3}},"line":17},"2":{"name":"(anonymous_2)","decl":{"start":{"line":38,"column":12},"end":{"line":38,"column":13}},"loc":{"start":{"line":38,"column":18},"end":{"line":40,"column":3}},"line":38}},"branchMap":{"0":{"loc":{"start":{"line":23,"column":4},"end":{"line":30,"column":5}},"type":"if","locations":[{"start":{"line":23,"column":4},"end":{"line":30,"column":5}},{"start":{},"end":{}}],"line":23},"1":{"loc":{"start":{"line":45,"column":7},"end":{"line":47,"column":7}},"type":"binary-expr","locations":[{"start":{"line":45,"column":7},"end":{"line":45,"column":17}},{"start":{"line":45,"column":21},"end":{"line":45,"column":40}},{"start":{"line":46,"column":8},"end":{"line":46,"column":52}}],"line":45},"2":{"loc":{"start":{"line":48,"column":7},"end":{"line":48,"column":31}},"type":"binary-expr","locations":[{"start":{"line":48,"column":7},"end":{"line":48,"column":16}},{"start":{"line":48,"column":20},"end":{"line":48,"column":31}}],"line":48}},"s":{"0":0,"1":0,"2":0,"3":0,"4":0,"5":0,"6":0,"7":0,"8":0,"9":0,"10":0,"11":0,"12":0,"13":0,"14":0,"15":0,"16":0},"f":{"0":0,"1":0,"2":0},"b":{"0":[0,0],"1":[0,0,0],"2":[0,0]}}
,"D:\\estadao-tech-challenge\\frontend\\src\\pages\\Categories\\index.tsx": {"path":"D:\\estadao-tech-challenge\\frontend\\src\\pages\\Categories\\index.tsx","statementMap":{"0":{"start":{"line":11,"column":26},"end":{"line":50,"column":1}},"1":{"start":{"line":12,"column":34},"end":{"line":12,"column":58}},"2":{"start":{"line":13,"column":36},"end":{"line":13,"column":60}},"3":{"start":{"line":15,"column":19},"end":{"line":15,"column":30}},"4":{"start":{"line":17,"column":20},"end":{"line":35,"column":3}},"5":{"start":{"line":18,"column":4},"end":{"line":18,"column":23}},"6":{"start":{"line":19,"column":25},"end":{"line":19,"column":72}},"7":{"start":{"line":21,"column":40},"end":{"line":21,"column":57}},"8":{"start":{"line":23,"column":4},"end":{"line":30,"column":5}},"9":{"start":{"line":24,"column":31},"end":{"line":24,"column":51}},"10":{"start":{"line":26,"column":6},"end":{"line":29,"column":8}},"11":{"start":{"line":32,"column":17},"end":{"line":32,"column":43}},"12":{"start":{"line":33,"column":4},"end":{"line":33,"column":22}},"13":{"start":{"line":34,"column":4},"end":{"line":34,"column":24}},"14":{"start":{"line":37,"column":2},"end":{"line":39,"column":9}},"15":{"start":{"line":38,"column":4},"end":{"line":38,"column":16}},"16":{"start":{"line":41,"column":2},"end":{"line":49,"column":4}}},"fnMap":{"0":{"name":"(anonymous_0)","decl":{"start":{"line":11,"column":26},"end":{"line":11,"column":27}},"loc":{"start":{"line":11,"column":32},"end":{"line":50,"column":1}},"line":11},"1":{"name":"(anonymous_1)","decl":{"start":{"line":17,"column":20},"end":{"line":17,"column":21}},"loc":{"start":{"line":17,"column":47},"end":{"line":35,"column":3}},"line":17},"2":{"name":"(anonymous_2)","decl":{"start":{"line":37,"column":12},"end":{"line":37,"column":13}},"loc":{"start":{"line":37,"column":18},"end":{"line":39,"column":3}},"line":37}},"branchMap":{"0":{"loc":{"start":{"line":23,"column":4},"end":{"line":30,"column":5}},"type":"if","locations":[{"start":{"line":23,"column":4},"end":{"line":30,"column":5}},{"start":{},"end":{}}],"line":23},"1":{"loc":{"start":{"line":44,"column":7},"end":{"line":46,"column":7}},"type":"binary-expr","locations":[{"start":{"line":44,"column":7},"end":{"line":44,"column":17}},{"start":{"line":44,"column":21},"end":{"line":44,"column":40}},{"start":{"line":45,"column":8},"end":{"line":45,"column":52}}],"line":44},"2":{"loc":{"start":{"line":47,"column":7},"end":{"line":47,"column":31}},"type":"binary-expr","locations":[{"start":{"line":47,"column":7},"end":{"line":47,"column":16}},{"start":{"line":47,"column":20},"end":{"line":47,"column":31}}],"line":47}},"s":{"0":0,"1":0,"2":0,"3":0,"4":0,"5":0,"6":0,"7":0,"8":0,"9":0,"10":0,"11":0,"12":0,"13":0,"14":0,"15":0,"16":0},"f":{"0":0,"1":0,"2":0},"b":{"0":[0,0],"1":[0,0,0],"2":[0,0]}}
,"D:\\estadao-tech-challenge\\frontend\\src\\pages\\Home\\index.tsx": {"path":"D:\\estadao-tech-challenge\\frontend\\src\\pages\\Home\\index.tsx","statementMap":{"0":{"start":{"line":11,"column":20},"end":{"line":39,"column":1}},"1":{"start":{"line":12,"column":34},"end":{"line":12,"column":58}},"2":{"start":{"line":13,"column":46},"end":{"line":13,"column":70}},"3":{"start":{"line":15,"column":19},"end":{"line":15,"column":32}},"4":{"start":{"line":17,"column":20},"end":{"line":26,"column":3}},"5":{"start":{"line":18,"column":17},"end":{"line":18,"column":59}},"6":{"start":{"line":19,"column":4},"end":{"line":19,"column":22}},"7":{"start":{"line":21,"column":19},"end":{"line":21,"column":62}},"8":{"start":{"line":22,"column":4},"end":{"line":22,"column":30}},"9":{"start":{"line":24,"column":24},"end":{"line":24,"column":105}},"10":{"start":{"line":24,"column":76},"end":{"line":24,"column":93}},"11":{"start":{"line":25,"column":4},"end":{"line":25,"column":48}},"12":{"start":{"line":28,"column":2},"end":{"line":30,"column":9}},"13":{"start":{"line":29,"column":4},"end":{"line":29,"column":16}},"14":{"start":{"line":32,"column":2},"end":{"line":38,"column":4}}},"fnMap":{"0":{"name":"(anonymous_0)","decl":{"start":{"line":11,"column":20},"end":{"line":11,"column":21}},"loc":{"start":{"line":11,"column":26},"end":{"line":39,"column":1}},"line":11},"1":{"name":"(anonymous_1)","decl":{"start":{"line":17,"column":20},"end":{"line":17,"column":21}},"loc":{"start":{"line":17,"column":47},"end":{"line":26,"column":3}},"line":17},"2":{"name":"(anonymous_2)","decl":{"start":{"line":24,"column":68},"end":{"line":24,"column":69}},"loc":{"start":{"line":24,"column":76},"end":{"line":24,"column":93}},"line":24},"3":{"name":"(anonymous_3)","decl":{"start":{"line":28,"column":12},"end":{"line":28,"column":13}},"loc":{"start":{"line":28,"column":18},"end":{"line":30,"column":3}},"line":28}},"branchMap":{},"s":{"0":0,"1":0,"2":0,"3":0,"4":0,"5":0,"6":0,"7":0,"8":0,"9":0,"10":0,"11":0,"12":0,"13":0,"14":0},"f":{"0":0,"1":0,"2":0,"3":0},"b":{}}
,"D:\\estadao-tech-challenge\\frontend\\src\\pages\\News\\index.tsx": {"path":"D:\\estadao-tech-challenge\\frontend\\src\\pages\\News\\index.tsx","statementMap":{"0":{"start":{"line":18,"column":20},"end":{"line":58,"column":1}},"1":{"start":{"line":19,"column":26},"end":{"line":19,"column":46}},"2":{"start":{"line":20,"column":18},"end":{"line":20,"column":41}},"3":{"start":{"line":22,"column":19},"end":{"line":22,"column":30}},"4":{"start":{"line":24,"column":20},"end":{"line":24,"column":62}},"5":{"start":{"line":24,"column":43},"end":{"line":24,"column":61}},"6":{"start":{"line":26,"column":20},"end":{"line":29,"column":3}},"7":{"start":{"line":27,"column":17},"end":{"line":27,"column":54}},"8":{"start":{"line":28,"column":4},"end":{"line":28,"column":21}},"9":{"start":{"line":31,"column":2},"end":{"line":37,"column":24}},"10":{"start":{"line":32,"column":4},"end":{"line":36,"column":5}},"11":{"start":{"line":33,"column":6},"end":{"line":33,"column":18}},"12":{"start":{"line":35,"column":6},"end":{"line":35,"column":25}},"13":{"start":{"line":39,"column":2},"end":{"line":57,"column":4}}},"fnMap":{"0":{"name":"(anonymous_0)","decl":{"start":{"line":18,"column":20},"end":{"line":18,"column":21}},"loc":{"start":{"line":18,"column":26},"end":{"line":58,"column":1}},"line":18},"1":{"name":"(anonymous_1)","decl":{"start":{"line":24,"column":33},"end":{"line":24,"column":34}},"loc":{"start":{"line":24,"column":43},"end":{"line":24,"column":61}},"line":24},"2":{"name":"(anonymous_2)","decl":{"start":{"line":26,"column":20},"end":{"line":26,"column":21}},"loc":{"start":{"line":26,"column":47},"end":{"line":29,"column":3}},"line":26},"3":{"name":"(anonymous_3)","decl":{"start":{"line":31,"column":12},"end":{"line":31,"column":13}},"loc":{"start":{"line":31,"column":18},"end":{"line":37,"column":3}},"line":31}},"branchMap":{"0":{"loc":{"start":{"line":32,"column":4},"end":{"line":36,"column":5}},"type":"if","locations":[{"start":{"line":32,"column":4},"end":{"line":36,"column":5}},{"start":{"line":34,"column":11},"end":{"line":36,"column":5}}],"line":32},"1":{"loc":{"start":{"line":42,"column":7},"end":{"line":55,"column":7}},"type":"binary-expr","locations":[{"start":{"line":42,"column":7},"end":{"line":42,"column":11}},{"start":{"line":43,"column":8},"end":{"line":54,"column":18}}],"line":42}},"s":{"0":0,"1":0,"2":0,"3":0,"4":0,"5":0,"6":0,"7":0,"8":0,"9":0,"10":0,"11":0,"12":0,"13":0},"f":{"0":0,"1":0,"2":0,"3":0},"b":{"0":[0,0],"1":[0,0]}}
,"D:\\estadao-tech-challenge\\frontend\\src\\pages\\News\\styled.tsx": {"path":"D:\\estadao-tech-challenge\\frontend\\src\\pages\\News\\styled.tsx","statementMap":{"0":{"start":{"line":3,"column":25},"end":{"line":10,"column":1}}},"fnMap":{},"branchMap":{},"s":{"0":0},"f":{},"b":{}}
,"D:\\estadao-tech-challenge\\frontend\\src\\redux\\news\\interface.tsx": {"path":"D:\\estadao-tech-challenge\\frontend\\src\\redux\\news\\interface.tsx","statementMap":{},"fnMap":{},"branchMap":{},"s":{},"f":{},"b":{}}
,"D:\\estadao-tech-challenge\\frontend\\src\\redux\\news\\slice.tsx": {"path":"D:\\estadao-tech-challenge\\frontend\\src\\redux\\news\\slice.tsx","statementMap":{"0":{"start":{"line":7,"column":32},"end":{"line":9,"column":1}},"1":{"start":{"line":11,"column":18},"end":{"line":19,"column":2}},"2":{"start":{"line":16,"column":6},"end":{"line":16,"column":35}},"3":{"start":{"line":21,"column":40},"end":{"line":21,"column":57}},"4":{"start":{"line":23,"column":26},"end":{"line":25,"column":1}},"5":{"start":{"line":24,"column":2},"end":{"line":24,"column":31}}},"fnMap":{"0":{"name":"(anonymous_0)","decl":{"start":{"line":15,"column":26},"end":{"line":15,"column":27}},"loc":{"start":{"line":15,"column":72},"end":{"line":17,"column":5}},"line":15},"1":{"name":"(anonymous_1)","decl":{"start":{"line":23,"column":26},"end":{"line":23,"column":27}},"loc":{"start":{"line":23,"column":48},"end":{"line":25,"column":1}},"line":23}},"branchMap":{},"s":{"0":0,"1":0,"2":0,"3":0,"4":0,"5":0},"f":{"0":0,"1":0},"b":{}}
,"D:\\estadao-tech-challenge\\frontend\\src\\redux\\news\\store.tsx": {"path":"D:\\estadao-tech-challenge\\frontend\\src\\redux\\news\\store.tsx","statementMap":{"0":{"start":{"line":4,"column":20},"end":{"line":6,"column":2}},"1":{"start":{"line":10,"column":21},"end":{"line":12,"column":2}}},"fnMap":{},"branchMap":{},"s":{"0":0,"1":0},"f":{},"b":{}}
,"D:\\estadao-tech-challenge\\frontend\\src\\services\\api.tsx": {"path":"D:\\estadao-tech-challenge\\frontend\\src\\services\\api.tsx","statementMap":{"0":{"start":{"line":3,"column":19},"end":{"line":8,"column":2}}},"fnMap":{},"branchMap":{},"s":{"0":2},"f":{},"b":{},"_coverageSchema":"1a1c01bbd47fc00a2c39e90264f33305004495a9","hash":"1330c488333604f38cd8a66c071e6145c6518b79"}
,"D:\\estadao-tech-challenge\\frontend\\src\\services\\index.tsx": {"path":"D:\\estadao-tech-challenge\\frontend\\src\\services\\index.tsx","statementMap":{},"fnMap":{},"branchMap":{},"s":{},"f":{},"b":{},"_coverageSchema":"1a1c01bbd47fc00a2c39e90264f33305004495a9","hash":"94be64ef2a17c6101eb570a08628c786e892fd0d"}
,"D:\\estadao-tech-challenge\\frontend\\src\\services\\interface.tsx": {"path":"D:\\estadao-tech-challenge\\frontend\\src\\services\\interface.tsx","statementMap":{},"fnMap":{},"branchMap":{},"s":{},"f":{},"b":{}}
,"D:\\estadao-tech-challenge\\frontend\\src\\services\\menuService.tsx": {"path":"D:\\estadao-tech-challenge\\frontend\\src\\services\\menuService.tsx","statementMap":{"0":{"start":{"line":8,"column":16},"end":{"line":8,"column":27}},"1":{"start":{"line":10,"column":23},"end":{"line":32,"column":1}},"2":{"start":{"line":11,"column":2},"end":{"line":31,"column":3}},"3":{"start":{"line":12,"column":24},"end":{"line":12,"column":45}},"4":{"start":{"line":14,"column":21},"end":{"line":14,"column":62}},"5":{"start":{"line":15,"column":4},"end":{"line":15,"column":25}},"6":{"start":{"line":17,"column":23},"end":{"line":17,"column":42}},"7":{"start":{"line":19,"column":4},"end":{"line":30,"column":5}},"8":{"start":{"line":20,"column":6},"end":{"line":20,"column":68}},"9":{"start":{"line":21,"column":6},"end":{"line":27,"column":7}},"10":{"start":{"line":22,"column":8},"end":{"line":22,"column":53}},"11":{"start":{"line":23,"column":13},"end":{"line":27,"column":7}},"12":{"start":{"line":24,"column":8},"end":{"line":24,"column":85}},"13":{"start":{"line":26,"column":8},"end":{"line":26,"column":65}},"14":{"start":{"line":29,"column":6},"end":{"line":29,"column":46}}},"fnMap":{"0":{"name":"(anonymous_0)","decl":{"start":{"line":10,"column":23},"end":{"line":10,"column":24}},"loc":{"start":{"line":10,"column":59},"end":{"line":32,"column":1}},"line":10}},"branchMap":{"0":{"loc":{"start":{"line":19,"column":4},"end":{"line":30,"column":5}},"type":"if","locations":[{"start":{"line":19,"column":4},"end":{"line":30,"column":5}},{"start":{"line":28,"column":11},"end":{"line":30,"column":5}}],"line":19},"1":{"loc":{"start":{"line":21,"column":6},"end":{"line":27,"column":7}},"type":"if","locations":[{"start":{"line":21,"column":6},"end":{"line":27,"column":7}},{"start":{"line":23,"column":13},"end":{"line":27,"column":7}}],"line":21},"2":{"loc":{"start":{"line":23,"column":13},"end":{"line":27,"column":7}},"type":"if","locations":[{"start":{"line":23,"column":13},"end":{"line":27,"column":7}},{"start":{"line":25,"column":13},"end":{"line":27,"column":7}}],"line":23}},"s":{"0":2,"1":2,"2":0,"3":0,"4":0,"5":0,"6":0,"7":0,"8":0,"9":0,"10":0,"11":0,"12":0,"13":0,"14":0},"f":{"0":0},"b":{"0":[0,0],"1":[0,0],"2":[0,0]},"_coverageSchema":"1a1c01bbd47fc00a2c39e90264f33305004495a9","hash":"86fb93b9645ae80f9f33f0b5d718079c253d2e32"}
,"D:\\estadao-tech-challenge\\frontend\\src\\services\\newsAuthorService.tsx": {"path":"D:\\estadao-tech-challenge\\frontend\\src\\services\\newsAuthorService.tsx","statementMap":{"0":{"start":{"line":8,"column":16},"end":{"line":8,"column":34}},"1":{"start":{"line":10,"column":29},"end":{"line":32,"column":1}},"2":{"start":{"line":11,"column":2},"end":{"line":31,"column":3}},"3":{"start":{"line":12,"column":24},"end":{"line":12,"column":45}},"4":{"start":{"line":14,"column":21},"end":{"line":14,"column":62}},"5":{"start":{"line":15,"column":4},"end":{"line":15,"column":25}},"6":{"start":{"line":17,"column":23},"end":{"line":17,"column":42}},"7":{"start":{"line":19,"column":4},"end":{"line":30,"column":5}},"8":{"start":{"line":20,"column":6},"end":{"line":20,"column":68}},"9":{"start":{"line":21,"column":6},"end":{"line":27,"column":7}},"10":{"start":{"line":22,"column":8},"end":{"line":22,"column":53}},"11":{"start":{"line":23,"column":13},"end":{"line":27,"column":7}},"12":{"start":{"line":24,"column":8},"end":{"line":24,"column":85}},"13":{"start":{"line":26,"column":8},"end":{"line":26,"column":65}},"14":{"start":{"line":29,"column":6},"end":{"line":29,"column":46}}},"fnMap":{"0":{"name":"(anonymous_0)","decl":{"start":{"line":10,"column":29},"end":{"line":10,"column":30}},"loc":{"start":{"line":10,"column":65},"end":{"line":32,"column":1}},"line":10}},"branchMap":{"0":{"loc":{"start":{"line":19,"column":4},"end":{"line":30,"column":5}},"type":"if","locations":[{"start":{"line":19,"column":4},"end":{"line":30,"column":5}},{"start":{"line":28,"column":11},"end":{"line":30,"column":5}}],"line":19},"1":{"loc":{"start":{"line":21,"column":6},"end":{"line":27,"column":7}},"type":"if","locations":[{"start":{"line":21,"column":6},"end":{"line":27,"column":7}},{"start":{"line":23,"column":13},"end":{"line":27,"column":7}}],"line":21},"2":{"loc":{"start":{"line":23,"column":13},"end":{"line":27,"column":7}},"type":"if","locations":[{"start":{"line":23,"column":13},"end":{"line":27,"column":7}},{"start":{"line":25,"column":13},"end":{"line":27,"column":7}}],"line":23}},"s":{"0":2,"1":2,"2":0,"3":0,"4":0,"5":0,"6":0,"7":0,"8":0,"9":0,"10":0,"11":0,"12":0,"13":0,"14":0},"f":{"0":0},"b":{"0":[0,0],"1":[0,0],"2":[0,0]},"_coverageSchema":"1a1c01bbd47fc00a2c39e90264f33305004495a9","hash":"91a374a7573d6e0c9713714b271cac6449adbb66"}
,"D:\\estadao-tech-challenge\\frontend\\src\\services\\newsCategoryService.tsx": {"path":"D:\\estadao-tech-challenge\\frontend\\src\\services\\newsCategoryService.tsx","statementMap":{"0":{"start":{"line":8,"column":16},"end":{"line":8,"column":36}},"1":{"start":{"line":10,"column":31},"end":{"line":32,"column":1}},"2":{"start":{"line":11,"column":2},"end":{"line":31,"column":3}},"3":{"start":{"line":12,"column":24},"end":{"line":12,"column":45}},"4":{"start":{"line":14,"column":21},"end":{"line":14,"column":62}},"5":{"start":{"line":15,"column":4},"end":{"line":15,"column":25}},"6":{"start":{"line":17,"column":23},"end":{"line":17,"column":42}},"7":{"start":{"line":19,"column":4},"end":{"line":30,"column":5}},"8":{"start":{"line":20,"column":6},"end":{"line":20,"column":68}},"9":{"start":{"line":21,"column":6},"end":{"line":27,"column":7}},"10":{"start":{"line":22,"column":8},"end":{"line":22,"column":53}},"11":{"start":{"line":23,"column":13},"end":{"line":27,"column":7}},"12":{"start":{"line":24,"column":8},"end":{"line":24,"column":85}},"13":{"start":{"line":26,"column":8},"end":{"line":26,"column":65}},"14":{"start":{"line":29,"column":6},"end":{"line":29,"column":46}}},"fnMap":{"0":{"name":"(anonymous_0)","decl":{"start":{"line":10,"column":31},"end":{"line":10,"column":32}},"loc":{"start":{"line":10,"column":67},"end":{"line":32,"column":1}},"line":10}},"branchMap":{"0":{"loc":{"start":{"line":19,"column":4},"end":{"line":30,"column":5}},"type":"if","locations":[{"start":{"line":19,"column":4},"end":{"line":30,"column":5}},{"start":{"line":28,"column":11},"end":{"line":30,"column":5}}],"line":19},"1":{"loc":{"start":{"line":21,"column":6},"end":{"line":27,"column":7}},"type":"if","locations":[{"start":{"line":21,"column":6},"end":{"line":27,"column":7}},{"start":{"line":23,"column":13},"end":{"line":27,"column":7}}],"line":21},"2":{"loc":{"start":{"line":23,"column":13},"end":{"line":27,"column":7}},"type":"if","locations":[{"start":{"line":23,"column":13},"end":{"line":27,"column":7}},{"start":{"line":25,"column":13},"end":{"line":27,"column":7}}],"line":23}},"s":{"0":2,"1":2,"2":0,"3":0,"4":0,"5":0,"6":0,"7":0,"8":0,"9":0,"10":0,"11":0,"12":0,"13":0,"14":0},"f":{"0":0},"b":{"0":[0,0],"1":[0,0],"2":[0,0]},"_coverageSchema":"1a1c01bbd47fc00a2c39e90264f33305004495a9","hash":"a9f947d612a0154cfd45e399cc694e0e1b3a8c92"}
,"D:\\estadao-tech-challenge\\frontend\\src\\services\\newsMetadataService.tsx": {"path":"D:\\estadao-tech-challenge\\frontend\\src\\services\\newsMetadataService.tsx","statementMap":{"0":{"start":{"line":7,"column":16},"end":{"line":7,"column":36}},"1":{"start":{"line":9,"column":37},"end":{"line":29,"column":1}},"2":{"start":{"line":10,"column":2},"end":{"line":28,"column":3}},"3":{"start":{"line":11,"column":21},"end":{"line":11,"column":73}},"4":{"start":{"line":12,"column":4},"end":{"line":12,"column":25}},"5":{"start":{"line":14,"column":23},"end":{"line":14,"column":42}},"6":{"start":{"line":16,"column":4},"end":{"line":27,"column":5}},"7":{"start":{"line":17,"column":6},"end":{"line":17,"column":68}},"8":{"start":{"line":18,"column":6},"end":{"line":24,"column":7}},"9":{"start":{"line":19,"column":8},"end":{"line":19,"column":53}},"10":{"start":{"line":20,"column":13},"end":{"line":24,"column":7}},"11":{"start":{"line":21,"column":8},"end":{"line":21,"column":85}},"12":{"start":{"line":23,"column":8},"end":{"line":23,"column":65}},"13":{"start":{"line":26,"column":6},"end":{"line":26,"column":46}}},"fnMap":{"0":{"name":"(anonymous_0)","decl":{"start":{"line":9,"column":37},"end":{"line":9,"column":38}},"loc":{"start":{"line":9,"column":77},"end":{"line":29,"column":1}},"line":9}},"branchMap":{"0":{"loc":{"start":{"line":16,"column":4},"end":{"line":27,"column":5}},"type":"if","locations":[{"start":{"line":16,"column":4},"end":{"line":27,"column":5}},{"start":{"line":25,"column":11},"end":{"line":27,"column":5}}],"line":16},"1":{"loc":{"start":{"line":18,"column":6},"end":{"line":24,"column":7}},"type":"if","locations":[{"start":{"line":18,"column":6},"end":{"line":24,"column":7}},{"start":{"line":20,"column":13},"end":{"line":24,"column":7}}],"line":18},"2":{"loc":{"start":{"line":20,"column":13},"end":{"line":24,"column":7}},"type":"if","locations":[{"start":{"line":20,"column":13},"end":{"line":24,"column":7}},{"start":{"line":22,"column":13},"end":{"line":24,"column":7}}],"line":20}},"s":{"0":2,"1":2,"2":0,"3":0,"4":0,"5":0,"6":0,"7":0,"8":0,"9":0,"10":0,"11":0,"12":0,"13":0},"f":{"0":0},"b":{"0":[0,0],"1":[0,0],"2":[0,0]},"_coverageSchema":"1a1c01bbd47fc00a2c39e90264f33305004495a9","hash":"627892f520e1f33d01691786e2e09018f0d60503"}
,"D:\\estadao-tech-challenge\\frontend\\src\\services\\newsService.tsx": {"path":"D:\\estadao-tech-challenge\\frontend\\src\\services\\newsService.tsx","statementMap":{"0":{"start":{"line":8,"column":16},"end":{"line":8,"column":27}},"1":{"start":{"line":10,"column":23},"end":{"line":32,"column":1}},"2":{"start":{"line":11,"column":2},"end":{"line":31,"column":3}},"3":{"start":{"line":12,"column":24},"end":{"line":12,"column":45}},"4":{"start":{"line":14,"column":21},"end":{"line":14,"column":62}},"5":{"start":{"line":15,"column":4},"end":{"line":15,"column":25}},"6":{"start":{"line":17,"column":23},"end":{"line":17,"column":42}},"7":{"start":{"line":19,"column":4},"end":{"line":30,"column":5}},"8":{"start":{"line":20,"column":6},"end":{"line":20,"column":68}},"9":{"start":{"line":21,"column":6},"end":{"line":27,"column":7}},"10":{"start":{"line":22,"column":8},"end":{"line":22,"column":53}},"11":{"start":{"line":23,"column":13},"end":{"line":27,"column":7}},"12":{"start":{"line":24,"column":8},"end":{"line":24,"column":85}},"13":{"start":{"line":26,"column":8},"end":{"line":26,"column":65}},"14":{"start":{"line":29,"column":6},"end":{"line":29,"column":46}}},"fnMap":{"0":{"name":"(anonymous_0)","decl":{"start":{"line":10,"column":23},"end":{"line":10,"column":24}},"loc":{"start":{"line":10,"column":59},"end":{"line":32,"column":1}},"line":10}},"branchMap":{"0":{"loc":{"start":{"line":19,"column":4},"end":{"line":30,"column":5}},"type":"if","locations":[{"start":{"line":19,"column":4},"end":{"line":30,"column":5}},{"start":{"line":28,"column":11},"end":{"line":30,"column":5}}],"line":19},"1":{"loc":{"start":{"line":21,"column":6},"end":{"line":27,"column":7}},"type":"if","locations":[{"start":{"line":21,"column":6},"end":{"line":27,"column":7}},{"start":{"line":23,"column":13},"end":{"line":27,"column":7}}],"line":21},"2":{"loc":{"start":{"line":23,"column":13},"end":{"line":27,"column":7}},"type":"if","locations":[{"start":{"line":23,"column":13},"end":{"line":27,"column":7}},{"start":{"line":25,"column":13},"end":{"line":27,"column":7}}],"line":23}},"s":{"0":2,"1":2,"2":0,"3":0,"4":0,"5":0,"6":0,"7":0,"8":0,"9":0,"10":0,"11":0,"12":0,"13":0,"14":0},"f":{"0":0},"b":{"0":[0,0],"1":[0,0],"2":[0,0]},"_coverageSchema":"1a1c01bbd47fc00a2c39e90264f33305004495a9","hash":"6cf669f711f0a74385806c28a4d7d7e38d99de41"}
,"D:\\estadao-tech-challenge\\frontend\\src\\services\\resourceLinkService.tsx": {"path":"D:\\estadao-tech-challenge\\frontend\\src\\services\\resourceLinkService.tsx","statementMap":{"0":{"start":{"line":8,"column":16},"end":{"line":8,"column":36}},"1":{"start":{"line":10,"column":31},"end":{"line":32,"column":1}},"2":{"start":{"line":11,"column":2},"end":{"line":31,"column":3}},"3":{"start":{"line":12,"column":24},"end":{"line":12,"column":45}},"4":{"start":{"line":14,"column":21},"end":{"line":14,"column":62}},"5":{"start":{"line":15,"column":4},"end":{"line":15,"column":25}},"6":{"start":{"line":17,"column":23},"end":{"line":17,"column":42}},"7":{"start":{"line":19,"column":4},"end":{"line":30,"column":5}},"8":{"start":{"line":20,"column":6},"end":{"line":20,"column":68}},"9":{"start":{"line":21,"column":6},"end":{"line":27,"column":7}},"10":{"start":{"line":22,"column":8},"end":{"line":22,"column":53}},"11":{"start":{"line":23,"column":13},"end":{"line":27,"column":7}},"12":{"start":{"line":24,"column":8},"end":{"line":24,"column":85}},"13":{"start":{"line":26,"column":8},"end":{"line":26,"column":65}},"14":{"start":{"line":29,"column":6},"end":{"line":29,"column":46}}},"fnMap":{"0":{"name":"(anonymous_0)","decl":{"start":{"line":10,"column":31},"end":{"line":10,"column":32}},"loc":{"start":{"line":10,"column":67},"end":{"line":32,"column":1}},"line":10}},"branchMap":{"0":{"loc":{"start":{"line":19,"column":4},"end":{"line":30,"column":5}},"type":"if","locations":[{"start":{"line":19,"column":4},"end":{"line":30,"column":5}},{"start":{"line":28,"column":11},"end":{"line":30,"column":5}}],"line":19},"1":{"loc":{"start":{"line":21,"column":6},"end":{"line":27,"column":7}},"type":"if","locations":[{"start":{"line":21,"column":6},"end":{"line":27,"column":7}},{"start":{"line":23,"column":13},"end":{"line":27,"column":7}}],"line":21},"2":{"loc":{"start":{"line":23,"column":13},"end":{"line":27,"column":7}},"type":"if","locations":[{"start":{"line":23,"column":13},"end":{"line":27,"column":7}},{"start":{"line":25,"column":13},"end":{"line":27,"column":7}}],"line":23}},"s":{"0":2,"1":2,"2":0,"3":0,"4":0,"5":0,"6":0,"7":0,"8":0,"9":0,"10":0,"11":0,"12":0,"13":0,"14":0},"f":{"0":0},"b":{"0":[0,0],"1":[0,0],"2":[0,0]},"_coverageSchema":"1a1c01bbd47fc00a2c39e90264f33305004495a9","hash":"614030df3a133589a55cda02cc9be1fefdc7f52c"}
,"D:\\estadao-tech-challenge\\frontend\\src\\services\\socialmediaService.tsx": {"path":"D:\\estadao-tech-challenge\\frontend\\src\\services\\socialmediaService.tsx","statementMap":{"0":{"start":{"line":8,"column":16},"end":{"line":8,"column":35}},"1":{"start":{"line":10,"column":30},"end":{"line":32,"column":1}},"2":{"start":{"line":11,"column":2},"end":{"line":31,"column":3}},"3":{"start":{"line":12,"column":24},"end":{"line":12,"column":45}},"4":{"start":{"line":14,"column":21},"end":{"line":14,"column":62}},"5":{"start":{"line":15,"column":4},"end":{"line":15,"column":25}},"6":{"start":{"line":17,"column":23},"end":{"line":17,"column":42}},"7":{"start":{"line":19,"column":4},"end":{"line":30,"column":5}},"8":{"start":{"line":20,"column":6},"end":{"line":20,"column":68}},"9":{"start":{"line":21,"column":6},"end":{"line":27,"column":7}},"10":{"start":{"line":22,"column":8},"end":{"line":22,"column":53}},"11":{"start":{"line":23,"column":13},"end":{"line":27,"column":7}},"12":{"start":{"line":24,"column":8},"end":{"line":24,"column":85}},"13":{"start":{"line":26,"column":8},"end":{"line":26,"column":65}},"14":{"start":{"line":29,"column":6},"end":{"line":29,"column":46}}},"fnMap":{"0":{"name":"(anonymous_0)","decl":{"start":{"line":10,"column":30},"end":{"line":10,"column":31}},"loc":{"start":{"line":10,"column":66},"end":{"line":32,"column":1}},"line":10}},"branchMap":{"0":{"loc":{"start":{"line":19,"column":4},"end":{"line":30,"column":5}},"type":"if","locations":[{"start":{"line":19,"column":4},"end":{"line":30,"column":5}},{"start":{"line":28,"column":11},"end":{"line":30,"column":5}}],"line":19},"1":{"loc":{"start":{"line":21,"column":6},"end":{"line":27,"column":7}},"type":"if","locations":[{"start":{"line":21,"column":6},"end":{"line":27,"column":7}},{"start":{"line":23,"column":13},"end":{"line":27,"column":7}}],"line":21},"2":{"loc":{"start":{"line":23,"column":13},"end":{"line":27,"column":7}},"type":"if","locations":[{"start":{"line":23,"column":13},"end":{"line":27,"column":7}},{"start":{"line":25,"column":13},"end":{"line":27,"column":7}}],"line":23}},"s":{"0":2,"1":2,"2":0,"3":0,"4":0,"5":0,"6":0,"7":0,"8":0,"9":0,"10":0,"11":0,"12":0,"13":0,"14":0},"f":{"0":0},"b":{"0":[0,0],"1":[0,0],"2":[0,0]},"_coverageSchema":"1a1c01bbd47fc00a2c39e90264f33305004495a9","hash":"678b6bdad326c20ae2a1b1b1dba75b53b5c698ac"}
,"D:\\estadao-tech-challenge\\frontend\\src\\utils\\index.tsx": {"path":"D:\\estadao-tech-challenge\\frontend\\src\\utils\\index.tsx","statementMap":{"0":{"start":{"line":5,"column":46},"end":{"line":12,"column":1}},"1":{"start":{"line":14,"column":28},"end":{"line":25,"column":1}},"2":{"start":{"line":15,"column":16},"end":{"line":22,"column":109}},"3":{"start":{"line":16,"column":4},"end":{"line":20,"column":6}},"4":{"start":{"line":16,"column":54},"end":{"line":20,"column":5}},"5":{"start":{"line":21,"column":4},"end":{"line":21,"column":15}},"6":{"start":{"line":24,"column":2},"end":{"line":24,"column":15}},"7":{"start":{"line":28,"column":16},"end":{"line":28,"column":54}},"8":{"start":{"line":29,"column":2},"end":{"line":29,"column":34}},"9":{"start":{"line":32,"column":26},"end":{"line":45,"column":1}},"10":{"start":{"line":33,"column":2},"end":{"line":35,"column":3}},"11":{"start":{"line":34,"column":4},"end":{"line":34,"column":14}},"12":{"start":{"line":37,"column":15},"end":{"line":37,"column":35}},"13":{"start":{"line":38,"column":20},"end":{"line":42,"column":4}},"14":{"start":{"line":44,"column":2},"end":{"line":44,"column":32}}},"fnMap":{"0":{"name":"(anonymous_0)","decl":{"start":{"line":14,"column":28},"end":{"line":14,"column":29}},"loc":{"start":{"line":14,"column":34},"end":{"line":25,"column":1}},"line":14},"1":{"name":"(anonymous_1)","decl":{"start":{"line":15,"column":83},"end":{"line":15,"column":84}},"loc":{"start":{"line":15,"column":99},"end":{"line":22,"column":3}},"line":15},"2":{"name":"(anonymous_2)","decl":{"start":{"line":16,"column":17},"end":{"line":16,"column":18}},"loc":{"start":{"line":16,"column":54},"end":{"line":20,"column":5}},"line":16},"3":{"name":"toQueryString","decl":{"start":{"line":27,"column":16},"end":{"line":27,"column":29}},"loc":{"start":{"line":27,"column":71},"end":{"line":30,"column":1}},"line":27},"4":{"name":"(anonymous_4)","decl":{"start":{"line":32,"column":26},"end":{"line":32,"column":27}},"loc":{"start":{"line":32,"column":56},"end":{"line":45,"column":1}},"line":32}},"branchMap":{"0":{"loc":{"start":{"line":29,"column":9},"end":{"line":29,"column":33}},"type":"cond-expr","locations":[{"start":{"line":29,"column":17},"end":{"line":29,"column":28}},{"start":{"line":29,"column":31},"end":{"line":29,"column":33}}],"line":29},"1":{"loc":{"start":{"line":33,"column":2},"end":{"line":35,"column":3}},"type":"if","locations":[{"start":{"line":33,"column":2},"end":{"line":35,"column":3}},{"start":{},"end":{}}],"line":33}},"s":{"0":7,"1":7,"2":23,"3":138,"4":48,"5":138,"6":23,"7":0,"8":0,"9":7,"10":13,"11":0,"12":13,"13":13,"14":13},"f":{"0":23,"1":138,"2":48,"3":0,"4":13},"b":{"0":[0,0],"1":[0,13]},"_coverageSchema":"1a1c01bbd47fc00a2c39e90264f33305004495a9","hash":"9f3b0a6756ddcdf9b904633a185e9fd4e051a153"}
}
