TN:
SF:src\App.tsx
FN:7,(anonymous_0)
FNF:1
FNH:0
FNDA:0,(anonymous_0)
DA:7,0
DA:8,0
LF:2
LH:0
BRF:0
BRH:0
end_of_record
TN:
SF:src\GlobalStyle.tsx
FNF:0
FNH:0
DA:3,0
LF:1
LH:0
BRF:0
BRH:0
end_of_record
TN:
SF:src\index.tsx
FNF:0
FNH:0
DA:10,0
DA:14,0
DA:25,0
LF:3
LH:0
BRF:0
BRH:0
end_of_record
TN:
SF:src\reportWebVitals.ts
FN:3,(anonymous_0)
FN:5,(anonymous_1)
FNF:2
FNH:0
FNDA:0,(anonymous_0)
FNDA:0,(anonymous_1)
DA:3,0
DA:4,0
DA:5,0
DA:6,0
DA:7,0
DA:8,0
DA:9,0
DA:10,0
LF:8
LH:0
BRDA:4,0,0,0
BRDA:4,0,1,0
BRDA:4,1,0,0
BRDA:4,1,1,0
BRF:4
BRH:0
end_of_record
TN:
SF:src\components\index.tsx
FNF:0
FNH:0
LF:0
LH:0
BRF:0
BRH:0
end_of_record
TN:
SF:src\components\Column\index.tsx
FN:6,(anonymous_0)
FNF:1
FNH:1
FNDA:11,(anonymous_0)
DA:6,5
DA:7,11
LF:2
LH:2
BRF:0
BRH:0
end_of_record
TN:
SF:src\components\Column\interface.tsx
FNF:0
FNH:0
LF:0
LH:0
BRF:0
BRH:0
end_of_record
TN:
SF:src\components\Column\styled.tsx
FNF:0
FNH:0
DA:4,5
DA:6,5
LF:2
LH:2
BRF:0
BRH:0
end_of_record
TN:
SF:src\components\Header\index.tsx
FN:22,(anonymous_0)
FN:27,(anonymous_1)
FN:32,(anonymous_2)
FN:37,(anonymous_3)
FN:42,(anonymous_4)
FNF:5
FNH:5
FNDA:2,(anonymous_0)
FNDA:1,(anonymous_1)
FNDA:1,(anonymous_2)
FNDA:1,(anonymous_3)
FNDA:1,(anonymous_4)
DA:22,4
DA:23,2
DA:24,2
DA:25,2
DA:27,2
DA:28,1
DA:29,1
DA:32,2
DA:33,1
DA:34,1
DA:37,2
DA:38,1
DA:39,1
DA:42,2
DA:43,1
DA:44,1
DA:45,1
DA:48,2
LF:18
LH:18
BRF:0
BRH:0
end_of_record
TN:
SF:src\components\Header\styled.tsx
FNF:0
FNH:0
DA:4,4
DA:6,4
DA:11,4
DA:16,4
DA:27,4
DA:37,4
DA:48,4
LF:7
LH:7
BRF:0
BRH:0
end_of_record
TN:
SF:src\components\Header\Brand\index.tsx
FN:7,(anonymous_0)
FNF:1
FNH:1
FNDA:6,(anonymous_0)
DA:7,5
DA:8,6
LF:2
LH:2
BRF:0
BRH:0
end_of_record
TN:
SF:src\components\Header\Brand\styled.tsx
FNF:0
FNH:0
DA:4,5
DA:6,5
LF:2
LH:2
BRF:0
BRH:0
end_of_record
TN:
SF:src\components\Header\Menu\index.tsx
FN:10,(anonymous_0)
FN:16,(anonymous_1)
FNF:2
FNH:2
FNDA:5,(anonymous_0)
FNDA:3,(anonymous_1)
DA:10,4
DA:11,5
DA:17,3
LF:3
LH:3
BRDA:14,0,0,5
BRDA:14,0,1,5
BRDA:14,0,2,2
BRF:3
BRH:3
end_of_record
TN:
SF:src\components\Header\Menu\interface.tsx
FNF:0
FNH:0
LF:0
LH:0
BRF:0
BRH:0
end_of_record
TN:
SF:src\components\Header\Menu\styled.tsx
FNF:0
FNH:0
DA:4,4
DA:6,4
DA:17,4
DA:48,4
LF:4
LH:4
BRF:0
BRH:0
end_of_record
TN:
SF:src\components\Header\SearchBar\index.tsx
FN:9,(anonymous_0)
FN:13,(anonymous_1)
FN:18,(anonymous_2)
FNF:3
FNH:3
FNDA:13,(anonymous_0)
FNDA:3,(anonymous_1)
FNDA:1,(anonymous_2)
DA:9,5
DA:10,13
DA:11,13
DA:13,13
DA:14,3
DA:15,3
DA:18,13
DA:19,1
DA:20,1
DA:23,13
LF:10
LH:10
BRDA:15,0,0,3
BRDA:15,0,1,0
BRDA:32,1,0,3
BRDA:32,1,1,10
BRF:4
BRH:3
end_of_record
TN:
SF:src\components\Header\SearchBar\styled.tsx
FNF:0
FNH:0
DA:3,5
DA:16,5
DA:24,5
LF:3
LH:3
BRF:0
BRH:0
end_of_record
TN:
SF:src\components\Modal\index.tsx
FN:13,(anonymous_0)
FN:24,(anonymous_1)
FNF:2
FNH:2
FNDA:15,(anonymous_0)
FNDA:1,(anonymous_1)
DA:13,5
DA:20,15
DA:24,1
LF:3
LH:3
BRDA:22,0,0,15
BRDA:22,0,1,4
BRF:2
BRH:2
end_of_record
TN:
SF:src\components\Modal\interface.tsx
FNF:0
FNH:0
LF:0
LH:0
BRF:0
BRH:0
end_of_record
TN:
SF:src\components\Modal\styled.tsx
FNF:0
FNH:0
DA:3,5
DA:16,5
DA:26,5
DA:34,5
DA:39,5
DA:43,5
DA:48,5
LF:7
LH:7
BRF:0
BRH:0
end_of_record
TN:
SF:src\components\Post\index.tsx
FN:21,(anonymous_0)
FN:27,(anonymous_1)
FN:36,(anonymous_2)
FN:89,(anonymous_3)
FNF:4
FNH:3
FNDA:12,(anonymous_0)
FNDA:11,(anonymous_1)
FNDA:1,(anonymous_2)
FNDA:0,(anonymous_3)
DA:21,4
DA:25,12
DA:27,12
DA:28,11
DA:29,11
DA:30,11
DA:32,0
DA:36,12
DA:37,1
DA:39,1
DA:40,1
DA:42,1
DA:46,1
DA:50,12
DA:89,0
LF:15
LH:13
BRDA:22,0,0,8
BRDA:29,1,0,11
BRDA:29,1,1,0
BRDA:39,2,0,1
BRDA:39,2,1,0
BRDA:52,3,0,12
BRDA:52,3,1,11
BRF:7
BRH:5
end_of_record
TN:
SF:src\components\Post\interface.tsx
FNF:0
FNH:0
LF:0
LH:0
BRF:0
BRH:0
end_of_record
TN:
SF:src\components\Post\styled.tsx
FN:18,(anonymous_0)
FN:34,(anonymous_1)
FNF:2
FNH:2
FNDA:11,(anonymous_0)
FNDA:11,(anonymous_1)
DA:5,4
DA:11,4
DA:19,11
DA:25,4
DA:31,4
DA:35,11
DA:43,4
LF:7
LH:7
BRDA:19,0,0,11
BRDA:19,0,1,3
BRDA:35,1,0,11
BRDA:35,1,1,8
BRF:4
BRH:4
end_of_record
TN:
SF:src\components\Post\PostCategory\index.tsx
FN:7,(anonymous_0)
FNF:1
FNH:1
FNDA:15,(anonymous_0)
DA:7,5
DA:13,15
LF:2
LH:2
BRDA:8,0,0,3
BRF:1
BRH:1
end_of_record
TN:
SF:src\components\Post\PostCategory\interface.tsx
FNF:0
FNH:0
LF:0
LH:0
BRF:0
BRH:0
end_of_record
TN:
SF:src\components\Post\PostCategory\styled.tsx
FN:8,(anonymous_0)
FNF:1
FNH:1
FNDA:15,(anonymous_0)
DA:5,5
DA:8,15
DA:16,5
LF:3
LH:3
BRDA:8,0,0,15
BRDA:8,0,1,4
BRF:2
BRH:2
end_of_record
TN:
SF:src\components\Post\PostMeta\index.tsx
FN:8,(anonymous_0)
FNF:1
FNH:1
FNDA:14,(anonymous_0)
DA:8,5
DA:15,14
LF:2
LH:2
BRDA:22,0,0,14
BRDA:22,0,1,14
BRDA:23,1,0,14
BRDA:23,1,1,4
BRDA:25,2,0,4
BRDA:25,2,1,4
BRDA:25,2,2,4
BRDA:30,3,0,4
BRDA:30,3,1,1
BRDA:30,3,2,1
BRF:10
BRH:10
end_of_record
TN:
SF:src\components\Post\PostMeta\interface.tsx
FNF:0
FNH:0
LF:0
LH:0
BRF:0
BRH:0
end_of_record
TN:
SF:src\components\Post\PostMeta\styled.tsx
FNF:0
FNH:0
DA:3,5
DA:7,5
DA:25,5
LF:3
LH:3
BRF:0
BRH:0
end_of_record
TN:
SF:src\components\Post\PostTitle\index.tsx
FN:7,(anonymous_0)
FN:12,(anonymous_1)
FNF:2
FNH:2
FNDA:15,(anonymous_0)
FNDA:2,(anonymous_1)
DA:7,5
DA:12,15
DA:13,2
DA:14,1
DA:18,15
LF:5
LH:5
BRDA:13,0,0,1
BRDA:13,0,1,1
BRF:2
BRH:2
end_of_record
TN:
SF:src\components\Post\PostTitle\interface.tsx
FNF:0
FNH:0
LF:0
LH:0
BRF:0
BRH:0
end_of_record
TN:
SF:src\components\Post\PostTitle\styled.tsx
FN:12,(anonymous_0)
FN:34,(anonymous_1)
FNF:2
FNH:2
FNDA:15,(anonymous_0)
FNDA:15,(anonymous_1)
DA:6,5
DA:11,5
DA:12,15
DA:16,5
DA:35,15
LF:5
LH:5
BRDA:12,0,0,15
BRDA:12,0,1,9
BRDA:35,1,0,15
BRDA:35,1,1,9
BRF:4
BRH:4
end_of_record
TN:
SF:src\components\ResourceLinks\index.tsx
FN:8,(anonymous_0)
FN:14,(anonymous_1)
FNF:2
FNH:2
FNDA:4,(anonymous_0)
FNDA:3,(anonymous_1)
DA:8,5
DA:9,4
DA:15,3
LF:3
LH:3
BRDA:11,0,0,4
BRDA:11,0,1,4
BRDA:11,0,2,2
BRDA:13,1,0,2
BRDA:13,1,1,2
BRF:5
BRH:5
end_of_record
TN:
SF:src\components\ResourceLinks\interface.tsx
FNF:0
FNH:0
LF:0
LH:0
BRF:0
BRH:0
end_of_record
TN:
SF:src\components\ResourceLinks\styled.tsx
FNF:0
FNH:0
DA:3,5
DA:17,5
LF:2
LH:2
BRF:0
BRH:0
end_of_record
TN:
SF:src\components\SectionGrid\index.tsx
FN:10,(anonymous_0)
FN:14,(anonymous_1)
FN:16,(anonymous_2)
FN:18,(anonymous_3)
FN:24,(anonymous_4)
FN:43,(anonymous_5)
FN:50,(anonymous_6)
FNF:7
FNH:7
FNDA:5,(anonymous_0)
FNDA:8,(anonymous_1)
FNDA:3,(anonymous_2)
FNDA:2,(anonymous_3)
FNDA:6,(anonymous_4)
FNDA:2,(anonymous_5)
FNDA:6,(anonymous_6)
DA:10,4
DA:11,5
DA:12,5
DA:14,8
DA:16,5
DA:17,3
DA:18,2
DA:20,2
DA:21,2
DA:23,2
DA:24,6
DA:26,2
DA:31,5
DA:44,2
DA:51,6
LF:15
LH:15
BRDA:14,0,0,8
BRDA:14,0,1,8
BRDA:17,1,0,2
BRDA:17,1,1,1
BRDA:20,2,0,2
BRDA:20,2,1,0
BRDA:33,3,0,5
BRDA:33,3,1,4
BRDA:36,4,0,2
BRDA:36,4,1,2
BRDA:42,5,0,2
BRDA:42,5,1,1
BRF:12
BRH:11
end_of_record
TN:
SF:src\components\SectionGrid\interface.tsx
FNF:0
FNH:0
LF:0
LH:0
BRF:0
BRH:0
end_of_record
TN:
SF:src\components\SectionGrid\styled.tsx
FNF:0
FNH:0
DA:3,4
LF:1
LH:1
BRF:0
BRH:0
end_of_record
TN:
SF:src\components\SocialMedia\index.tsx
FN:7,(anonymous_0)
FN:12,(anonymous_1)
FNF:2
FNH:2
FNDA:4,(anonymous_0)
FNDA:3,(anonymous_1)
DA:7,5
DA:8,4
DA:13,3
LF:3
LH:3
BRDA:10,0,0,4
BRDA:10,0,1,4
BRDA:10,0,2,2
BRF:3
BRH:3
end_of_record
TN:
SF:src\components\SocialMedia\interface.tsx
FNF:0
FNH:0
LF:0
LH:0
BRF:0
BRH:0
end_of_record
TN:
SF:src\components\SocialMedia\styled.tsx
FNF:0
FNH:0
DA:3,5
DA:14,5
LF:2
LH:2
BRF:0
BRH:0
end_of_record
TN:
SF:src\components\Spinner\index.tsx
FN:5,(anonymous_0)
FNF:1
FNH:1
FNDA:3,(anonymous_0)
DA:5,5
DA:6,3
LF:2
LH:2
BRF:0
BRH:0
end_of_record
TN:
SF:src\components\Spinner\interface.tsx
FNF:0
FNH:0
LF:0
LH:0
BRF:0
BRH:0
end_of_record
TN:
SF:src\components\Spinner\styled.tsx
FN:19,(anonymous_0)
FN:21,(anonymous_1)
FN:22,(anonymous_2)
FNF:3
FNH:3
FNDA:3,(anonymous_0)
FNDA:3,(anonymous_1)
FNDA:3,(anonymous_2)
DA:4,5
DA:9,5
DA:17,5
DA:19,3
DA:21,3
DA:22,3
LF:6
LH:6
BRDA:19,0,0,3
BRDA:19,0,1,2
BRDA:21,1,0,3
BRDA:21,1,1,2
BRDA:22,2,0,3
BRDA:22,2,1,2
BRF:6
BRH:6
end_of_record
TN:
SF:src\components\Wrapper\index.tsx
FN:6,(anonymous_0)
FNF:1
FNH:1
FNDA:9,(anonymous_0)
DA:6,5
DA:7,9
LF:2
LH:2
BRF:0
BRH:0
end_of_record
TN:
SF:src\components\Wrapper\interface.tsx
FNF:0
FNH:0
LF:0
LH:0
BRF:0
BRH:0
end_of_record
TN:
SF:src\components\Wrapper\styled.tsx
FNF:0
FNH:0
DA:4,5
DA:6,5
LF:2
LH:2
BRF:0
BRH:0
end_of_record
TN:
SF:src\pages\index.tsx
FNF:0
FNH:0
LF:0
LH:0
BRF:0
BRH:0
end_of_record
TN:
SF:src\pages\Admin\index.tsx
FN:4,(anonymous_0)
FNF:1
FNH:0
FNDA:0,(anonymous_0)
DA:4,0
DA:5,0
LF:2
LH:0
BRF:0
BRH:0
end_of_record
TN:
SF:src\pages\Authors\index.tsx
FN:11,(anonymous_0)
FN:17,(anonymous_1)
FN:38,(anonymous_2)
FNF:3
FNH:0
FNDA:0,(anonymous_0)
FNDA:0,(anonymous_1)
FNDA:0,(anonymous_2)
DA:11,0
DA:12,0
DA:13,0
DA:15,0
DA:17,0
DA:18,0
DA:19,0
DA:21,0
DA:23,0
DA:24,0
DA:26,0
DA:32,0
DA:33,0
DA:35,0
DA:38,0
DA:39,0
DA:42,0
LF:17
LH:0
BRDA:23,0,0,0
BRDA:23,0,1,0
BRDA:45,1,0,0
BRDA:45,1,1,0
BRDA:45,1,2,0
BRDA:48,2,0,0
BRDA:48,2,1,0
BRF:7
BRH:0
end_of_record
TN:
SF:src\pages\Categories\index.tsx
FN:11,(anonymous_0)
FN:17,(anonymous_1)
FN:37,(anonymous_2)
FNF:3
FNH:0
FNDA:0,(anonymous_0)
FNDA:0,(anonymous_1)
FNDA:0,(anonymous_2)
DA:11,0
DA:12,0
DA:13,0
DA:15,0
DA:17,0
DA:18,0
DA:19,0
DA:21,0
DA:23,0
DA:24,0
DA:26,0
DA:32,0
DA:33,0
DA:34,0
DA:37,0
DA:38,0
DA:41,0
LF:17
LH:0
BRDA:23,0,0,0
BRDA:23,0,1,0
BRDA:44,1,0,0
BRDA:44,1,1,0
BRDA:44,1,2,0
BRDA:47,2,0,0
BRDA:47,2,1,0
BRF:7
BRH:0
end_of_record
TN:
SF:src\pages\Home\index.tsx
FN:11,(anonymous_0)
FN:17,(anonymous_1)
FN:24,(anonymous_2)
FN:28,(anonymous_3)
FNF:4
FNH:0
FNDA:0,(anonymous_0)
FNDA:0,(anonymous_1)
FNDA:0,(anonymous_2)
FNDA:0,(anonymous_3)
DA:11,0
DA:12,0
DA:13,0
DA:15,0
DA:17,0
DA:18,0
DA:19,0
DA:21,0
DA:22,0
DA:24,0
DA:25,0
DA:28,0
DA:29,0
DA:32,0
LF:14
LH:0
BRF:0
BRH:0
end_of_record
TN:
SF:src\pages\News\index.tsx
FN:18,(anonymous_0)
FN:24,(anonymous_1)
FN:26,(anonymous_2)
FN:31,(anonymous_3)
FNF:4
FNH:0
FNDA:0,(anonymous_0)
FNDA:0,(anonymous_1)
FNDA:0,(anonymous_2)
FNDA:0,(anonymous_3)
DA:18,0
DA:19,0
DA:20,0
DA:22,0
DA:24,0
DA:26,0
DA:27,0
DA:28,0
DA:31,0
DA:32,0
DA:33,0
DA:35,0
DA:39,0
LF:13
LH:0
BRDA:32,0,0,0
BRDA:32,0,1,0
BRDA:42,1,0,0
BRDA:42,1,1,0
BRF:4
BRH:0
end_of_record
TN:
SF:src\pages\News\styled.tsx
FNF:0
FNH:0
DA:3,0
LF:1
LH:0
BRF:0
BRH:0
end_of_record
TN:
SF:src\redux\news\interface.tsx
FNF:0
FNH:0
LF:0
LH:0
BRF:0
BRH:0
end_of_record
TN:
SF:src\redux\news\slice.tsx
FN:15,(anonymous_0)
FN:23,(anonymous_1)
FNF:2
FNH:0
FNDA:0,(anonymous_0)
FNDA:0,(anonymous_1)
DA:7,0
DA:11,0
DA:16,0
DA:21,0
DA:23,0
DA:24,0
LF:6
LH:0
BRF:0
BRH:0
end_of_record
TN:
SF:src\redux\news\store.tsx
FNF:0
FNH:0
DA:4,0
DA:10,0
LF:2
LH:0
BRF:0
BRH:0
end_of_record
TN:
SF:src\services\api.tsx
FNF:0
FNH:0
DA:3,2
LF:1
LH:1
BRF:0
BRH:0
end_of_record
TN:
SF:src\services\index.tsx
FNF:0
FNH:0
LF:0
LH:0
BRF:0
BRH:0
end_of_record
TN:
SF:src\services\interface.tsx
FNF:0
FNH:0
LF:0
LH:0
BRF:0
BRH:0
end_of_record
TN:
SF:src\services\menuService.tsx
FN:10,(anonymous_0)
FNF:1
FNH:0
FNDA:0,(anonymous_0)
DA:8,2
DA:10,2
DA:11,0
DA:12,0
DA:14,0
DA:15,0
DA:17,0
DA:19,0
DA:20,0
DA:21,0
DA:22,0
DA:23,0
DA:24,0
DA:26,0
DA:29,0
LF:15
LH:2
BRDA:19,0,0,0
BRDA:19,0,1,0
BRDA:21,1,0,0
BRDA:21,1,1,0
BRDA:23,2,0,0
BRDA:23,2,1,0
BRF:6
BRH:0
end_of_record
TN:
SF:src\services\newsAuthorService.tsx
FN:10,(anonymous_0)
FNF:1
FNH:0
FNDA:0,(anonymous_0)
DA:8,2
DA:10,2
DA:11,0
DA:12,0
DA:14,0
DA:15,0
DA:17,0
DA:19,0
DA:20,0
DA:21,0
DA:22,0
DA:23,0
DA:24,0
DA:26,0
DA:29,0
LF:15
LH:2
BRDA:19,0,0,0
BRDA:19,0,1,0
BRDA:21,1,0,0
BRDA:21,1,1,0
BRDA:23,2,0,0
BRDA:23,2,1,0
BRF:6
BRH:0
end_of_record
TN:
SF:src\services\newsCategoryService.tsx
FN:10,(anonymous_0)
FNF:1
FNH:0
FNDA:0,(anonymous_0)
DA:8,2
DA:10,2
DA:11,0
DA:12,0
DA:14,0
DA:15,0
DA:17,0
DA:19,0
DA:20,0
DA:21,0
DA:22,0
DA:23,0
DA:24,0
DA:26,0
DA:29,0
LF:15
LH:2
BRDA:19,0,0,0
BRDA:19,0,1,0
BRDA:21,1,0,0
BRDA:21,1,1,0
BRDA:23,2,0,0
BRDA:23,2,1,0
BRF:6
BRH:0
end_of_record
TN:
SF:src\services\newsMetadataService.tsx
FN:9,(anonymous_0)
FNF:1
FNH:0
FNDA:0,(anonymous_0)
DA:7,2
DA:9,2
DA:10,0
DA:11,0
DA:12,0
DA:14,0
DA:16,0
DA:17,0
DA:18,0
DA:19,0
DA:20,0
DA:21,0
DA:23,0
DA:26,0
LF:14
LH:2
BRDA:16,0,0,0
BRDA:16,0,1,0
BRDA:18,1,0,0
BRDA:18,1,1,0
BRDA:20,2,0,0
BRDA:20,2,1,0
BRF:6
BRH:0
end_of_record
TN:
SF:src\services\newsService.tsx
FN:10,(anonymous_0)
FNF:1
FNH:0
FNDA:0,(anonymous_0)
DA:8,2
DA:10,2
DA:11,0
DA:12,0
DA:14,0
DA:15,0
DA:17,0
DA:19,0
DA:20,0
DA:21,0
DA:22,0
DA:23,0
DA:24,0
DA:26,0
DA:29,0
LF:15
LH:2
BRDA:19,0,0,0
BRDA:19,0,1,0
BRDA:21,1,0,0
BRDA:21,1,1,0
BRDA:23,2,0,0
BRDA:23,2,1,0
BRF:6
BRH:0
end_of_record
TN:
SF:src\services\resourceLinkService.tsx
FN:10,(anonymous_0)
FNF:1
FNH:0
FNDA:0,(anonymous_0)
DA:8,2
DA:10,2
DA:11,0
DA:12,0
DA:14,0
DA:15,0
DA:17,0
DA:19,0
DA:20,0
DA:21,0
DA:22,0
DA:23,0
DA:24,0
DA:26,0
DA:29,0
LF:15
LH:2
BRDA:19,0,0,0
BRDA:19,0,1,0
BRDA:21,1,0,0
BRDA:21,1,1,0
BRDA:23,2,0,0
BRDA:23,2,1,0
BRF:6
BRH:0
end_of_record
TN:
SF:src\services\socialmediaService.tsx
FN:10,(anonymous_0)
FNF:1
FNH:0
FNDA:0,(anonymous_0)
DA:8,2
DA:10,2
DA:11,0
DA:12,0
DA:14,0
DA:15,0
DA:17,0
DA:19,0
DA:20,0
DA:21,0
DA:22,0
DA:23,0
DA:24,0
DA:26,0
DA:29,0
LF:15
LH:2
BRDA:19,0,0,0
BRDA:19,0,1,0
BRDA:21,1,0,0
BRDA:21,1,1,0
BRDA:23,2,0,0
BRDA:23,2,1,0
BRF:6
BRH:0
end_of_record
TN:
SF:src\utils\index.tsx
FN:14,(anonymous_0)
FN:15,(anonymous_1)
FN:16,(anonymous_2)
FN:27,toQueryString
FN:32,(anonymous_4)
FNF:5
FNH:4
FNDA:23,(anonymous_0)
FNDA:138,(anonymous_1)
FNDA:48,(anonymous_2)
FNDA:0,toQueryString
FNDA:13,(anonymous_4)
DA:5,7
DA:14,7
DA:15,23
DA:16,138
DA:21,138
DA:24,23
DA:28,0
DA:29,0
DA:32,7
DA:33,13
DA:34,0
DA:37,13
DA:38,13
DA:44,13
LF:14
LH:11
BRDA:29,0,0,0
BRDA:29,0,1,0
BRDA:33,1,0,0
BRDA:33,1,1,13
BRF:4
BRH:1
end_of_record
